[06-Jul-2020 15:27:12 UTC] PHP Notice:  Trying to access array offset on value of type bool in E:\xampp\htdocs\cias\wp-content\themes\woodmart\inc\builder\elements\Menu.php on line 40
[06-Jul-2020 15:27:12 UTC] PHP Notice:  Trying to access array offset on value of type bool in E:\xampp\htdocs\cias\wp-content\themes\woodmart\inc\builder\elements\Burger.php on line 122
[06-Jul-2020 15:27:12 UTC] PHP Notice:  Trying to access array offset on value of type bool in E:\xampp\htdocs\cias\wp-content\themes\woodmart\inc\builder\elements\Categories.php on line 40
[06-Jul-2020 15:27:12 UTC] PHP Notice:  Trying to access array offset on value of type bool in E:\xampp\htdocs\cias\wp-content\themes\woodmart\inc\builder\elements\HTMLBlock.php on line 40
[06-Jul-2020 15:27:12 UTC] PHP Notice:  Trying to access array offset on value of type bool in E:\xampp\htdocs\cias\wp-content\themes\woodmart\inc\builder\elements\Menu.php on line 40
[06-Jul-2020 15:27:12 UTC] PHP Notice:  Trying to access array offset on value of type bool in E:\xampp\htdocs\cias\wp-content\themes\woodmart\inc\builder\elements\Burger.php on line 122
[06-Jul-2020 15:27:12 UTC] PHP Notice:  Trying to access array offset on value of type bool in E:\xampp\htdocs\cias\wp-content\themes\woodmart\inc\builder\elements\Categories.php on line 40
[06-Jul-2020 15:27:12 UTC] PHP Notice:  Trying to access array offset on value of type bool in E:\xampp\htdocs\cias\wp-content\themes\woodmart\inc\builder\elements\HTMLBlock.php on line 40
[06-Jul-2020 15:27:15 UTC] PHP Notice:  Trying to access array offset on value of type bool in E:\xampp\htdocs\cias\wp-content\themes\woodmart\inc\builder\elements\Menu.php on line 40
[06-Jul-2020 15:27:15 UTC] PHP Notice:  Trying to access array offset on value of type bool in E:\xampp\htdocs\cias\wp-content\themes\woodmart\inc\builder\elements\Burger.php on line 122
[06-Jul-2020 15:27:15 UTC] PHP Notice:  Trying to access array offset on value of type bool in E:\xampp\htdocs\cias\wp-content\themes\woodmart\inc\builder\elements\Categories.php on line 40
[06-Jul-2020 15:27:15 UTC] PHP Notice:  Trying to access array offset on value of type bool in E:\xampp\htdocs\cias\wp-content\themes\woodmart\inc\builder\elements\HTMLBlock.php on line 40
[06-Jul-2020 15:27:15 UTC] PHP Notice:  Trying to access array offset on value of type bool in E:\xampp\htdocs\cias\wp-content\themes\woodmart\inc\builder\elements\Menu.php on line 40
[06-Jul-2020 15:27:15 UTC] PHP Notice:  Trying to access array offset on value of type bool in E:\xampp\htdocs\cias\wp-content\themes\woodmart\inc\builder\elements\Burger.php on line 122
[06-Jul-2020 15:27:15 UTC] PHP Notice:  Trying to access array offset on value of type bool in E:\xampp\htdocs\cias\wp-content\themes\woodmart\inc\builder\elements\Categories.php on line 40
[06-Jul-2020 15:27:15 UTC] PHP Notice:  Trying to access array offset on value of type bool in E:\xampp\htdocs\cias\wp-content\themes\woodmart\inc\builder\elements\HTMLBlock.php on line 40
[06-Jul-2020 15:27:17 UTC] PHP Notice:  Trying to access array offset on value of type bool in E:\xampp\htdocs\cias\wp-content\themes\woodmart\inc\builder\elements\Menu.php on line 40
[06-Jul-2020 15:27:17 UTC] PHP Notice:  Trying to access array offset on value of type bool in E:\xampp\htdocs\cias\wp-content\themes\woodmart\inc\builder\elements\Burger.php on line 122
[06-Jul-2020 15:27:17 UTC] PHP Notice:  Trying to access array offset on value of type bool in E:\xampp\htdocs\cias\wp-content\themes\woodmart\inc\builder\elements\Categories.php on line 40
[06-Jul-2020 15:27:17 UTC] PHP Notice:  Trying to access array offset on value of type bool in E:\xampp\htdocs\cias\wp-content\themes\woodmart\inc\builder\elements\HTMLBlock.php on line 40
[06-Jul-2020 15:27:18 UTC] PHP Notice:  Trying to access array offset on value of type bool in E:\xampp\htdocs\cias\wp-content\themes\woodmart\inc\builder\elements\Menu.php on line 40
[06-Jul-2020 15:27:18 UTC] PHP Notice:  Trying to access array offset on value of type bool in E:\xampp\htdocs\cias\wp-content\themes\woodmart\inc\builder\elements\Burger.php on line 122
[06-Jul-2020 15:27:18 UTC] PHP Notice:  Trying to access array offset on value of type bool in E:\xampp\htdocs\cias\wp-content\themes\woodmart\inc\builder\elements\Categories.php on line 40
[06-Jul-2020 15:27:18 UTC] PHP Notice:  Trying to access array offset on value of type bool in E:\xampp\htdocs\cias\wp-content\themes\woodmart\inc\builder\elements\Menu.php on line 40
[06-Jul-2020 15:27:18 UTC] PHP Notice:  Trying to access array offset on value of type bool in E:\xampp\htdocs\cias\wp-content\themes\woodmart\inc\builder\elements\Menu.php on line 40
[06-Jul-2020 15:27:18 UTC] PHP Notice:  Trying to access array offset on value of type bool in E:\xampp\htdocs\cias\wp-content\themes\woodmart\inc\builder\elements\HTMLBlock.php on line 40
[06-Jul-2020 15:27:18 UTC] PHP Notice:  Trying to access array offset on value of type bool in E:\xampp\htdocs\cias\wp-content\themes\woodmart\inc\builder\elements\Burger.php on line 122
[06-Jul-2020 15:27:18 UTC] PHP Notice:  Trying to access array offset on value of type bool in E:\xampp\htdocs\cias\wp-content\themes\woodmart\inc\builder\elements\Burger.php on line 122
[06-Jul-2020 15:27:18 UTC] PHP Notice:  Trying to access array offset on value of type bool in E:\xampp\htdocs\cias\wp-content\themes\woodmart\inc\builder\elements\Categories.php on line 40
[06-Jul-2020 15:27:18 UTC] PHP Notice:  Trying to access array offset on value of type bool in E:\xampp\htdocs\cias\wp-content\themes\woodmart\inc\builder\elements\Menu.php on line 40
[06-Jul-2020 15:27:18 UTC] PHP Notice:  Trying to access array offset on value of type bool in E:\xampp\htdocs\cias\wp-content\themes\woodmart\inc\builder\elements\Menu.php on line 40
[06-Jul-2020 15:27:18 UTC] PHP Notice:  Trying to access array offset on value of type bool in E:\xampp\htdocs\cias\wp-content\themes\woodmart\inc\builder\elements\Categories.php on line 40
[06-Jul-2020 15:27:18 UTC] PHP Notice:  Trying to access array offset on value of type bool in E:\xampp\htdocs\cias\wp-content\themes\woodmart\inc\builder\elements\HTMLBlock.php on line 40
[06-Jul-2020 15:27:18 UTC] PHP Notice:  Trying to access array offset on value of type bool in E:\xampp\htdocs\cias\wp-content\themes\woodmart\inc\builder\elements\Burger.php on line 122
[06-Jul-2020 15:27:18 UTC] PHP Notice:  Trying to access array offset on value of type bool in E:\xampp\htdocs\cias\wp-content\themes\woodmart\inc\builder\elements\Burger.php on line 122
[06-Jul-2020 15:27:18 UTC] PHP Notice:  Trying to access array offset on value of type bool in E:\xampp\htdocs\cias\wp-content\themes\woodmart\inc\builder\elements\HTMLBlock.php on line 40
[06-Jul-2020 15:27:18 UTC] PHP Notice:  Trying to access array offset on value of type bool in E:\xampp\htdocs\cias\wp-content\themes\woodmart\inc\builder\elements\Categories.php on line 40
[06-Jul-2020 15:27:18 UTC] PHP Notice:  Trying to access array offset on value of type bool in E:\xampp\htdocs\cias\wp-content\themes\woodmart\inc\builder\elements\Categories.php on line 40
[06-Jul-2020 15:27:18 UTC] PHP Notice:  Trying to access array offset on value of type bool in E:\xampp\htdocs\cias\wp-content\themes\woodmart\inc\builder\elements\HTMLBlock.php on line 40
[06-Jul-2020 15:27:18 UTC] PHP Notice:  Trying to access array offset on value of type bool in E:\xampp\htdocs\cias\wp-content\themes\woodmart\inc\builder\elements\HTMLBlock.php on line 40
[06-Jul-2020 15:27:32 UTC] PHP Notice:  Trying to access array offset on value of type bool in E:\xampp\htdocs\cias\wp-content\themes\woodmart\inc\builder\elements\Menu.php on line 40
[06-Jul-2020 15:27:32 UTC] PHP Notice:  Trying to access array offset on value of type bool in E:\xampp\htdocs\cias\wp-content\themes\woodmart\inc\builder\elements\Burger.php on line 122
[06-Jul-2020 15:27:32 UTC] PHP Notice:  Trying to access array offset on value of type bool in E:\xampp\htdocs\cias\wp-content\themes\woodmart\inc\builder\elements\Categories.php on line 40
[06-Jul-2020 15:27:32 UTC] PHP Notice:  Trying to access array offset on value of type bool in E:\xampp\htdocs\cias\wp-content\themes\woodmart\inc\builder\elements\HTMLBlock.php on line 40
[06-Jul-2020 15:28:06 UTC] PHP Notice:  Trying to access array offset on value of type bool in E:\xampp\htdocs\cias\wp-content\themes\woodmart\inc\builder\elements\Menu.php on line 40
[06-Jul-2020 15:28:06 UTC] PHP Notice:  Trying to access array offset on value of type bool in E:\xampp\htdocs\cias\wp-content\themes\woodmart\inc\builder\elements\Burger.php on line 122
[06-Jul-2020 15:28:06 UTC] PHP Notice:  Trying to access array offset on value of type bool in E:\xampp\htdocs\cias\wp-content\themes\woodmart\inc\builder\elements\Categories.php on line 40
[06-Jul-2020 15:28:06 UTC] PHP Notice:  Trying to access array offset on value of type bool in E:\xampp\htdocs\cias\wp-content\themes\woodmart\inc\builder\elements\HTMLBlock.php on line 40
[06-Jul-2020 15:28:11 UTC] PHP Notice:  Trying to access array offset on value of type bool in E:\xampp\htdocs\cias\wp-content\themes\woodmart\inc\builder\elements\Menu.php on line 40
[06-Jul-2020 15:28:11 UTC] PHP Notice:  Trying to access array offset on value of type bool in E:\xampp\htdocs\cias\wp-content\themes\woodmart\inc\builder\elements\Burger.php on line 122
[06-Jul-2020 15:28:11 UTC] PHP Notice:  Trying to access array offset on value of type bool in E:\xampp\htdocs\cias\wp-content\themes\woodmart\inc\builder\elements\Categories.php on line 40
[06-Jul-2020 15:28:11 UTC] PHP Notice:  Trying to access array offset on value of type bool in E:\xampp\htdocs\cias\wp-content\themes\woodmart\inc\builder\elements\HTMLBlock.php on line 40
[06-Jul-2020 15:28:13 UTC] PHP Notice:  Trying to access array offset on value of type bool in E:\xampp\htdocs\cias\wp-content\themes\woodmart\inc\builder\elements\Menu.php on line 40
[06-Jul-2020 15:28:13 UTC] PHP Notice:  Trying to access array offset on value of type bool in E:\xampp\htdocs\cias\wp-content\themes\woodmart\inc\builder\elements\Burger.php on line 122
[06-Jul-2020 15:28:13 UTC] PHP Notice:  Trying to access array offset on value of type bool in E:\xampp\htdocs\cias\wp-content\themes\woodmart\inc\builder\elements\Categories.php on line 40
[06-Jul-2020 15:28:13 UTC] PHP Notice:  Trying to access array offset on value of type bool in E:\xampp\htdocs\cias\wp-content\themes\woodmart\inc\builder\elements\HTMLBlock.php on line 40
[06-Jul-2020 15:28:14 UTC] PHP Notice:  Trying to access array offset on value of type bool in E:\xampp\htdocs\cias\wp-content\themes\woodmart\inc\builder\elements\Menu.php on line 40
[06-Jul-2020 15:28:14 UTC] PHP Notice:  Trying to access array offset on value of type bool in E:\xampp\htdocs\cias\wp-content\themes\woodmart\inc\builder\elements\Burger.php on line 122
[06-Jul-2020 15:28:14 UTC] PHP Notice:  Trying to access array offset on value of type bool in E:\xampp\htdocs\cias\wp-content\themes\woodmart\inc\builder\elements\Categories.php on line 40
[06-Jul-2020 15:28:14 UTC] PHP Notice:  Trying to access array offset on value of type bool in E:\xampp\htdocs\cias\wp-content\themes\woodmart\inc\builder\elements\HTMLBlock.php on line 40
[06-Jul-2020 15:28:14 UTC] PHP Notice:  Trying to access array offset on value of type bool in E:\xampp\htdocs\cias\wp-content\themes\woodmart\inc\builder\elements\Menu.php on line 40
[06-Jul-2020 15:28:14 UTC] PHP Notice:  Trying to access array offset on value of type bool in E:\xampp\htdocs\cias\wp-content\themes\woodmart\inc\builder\elements\Burger.php on line 122
[06-Jul-2020 15:28:14 UTC] PHP Notice:  Trying to access array offset on value of type bool in E:\xampp\htdocs\cias\wp-content\themes\woodmart\inc\builder\elements\Categories.php on line 40
[06-Jul-2020 15:28:14 UTC] PHP Notice:  Trying to access array offset on value of type bool in E:\xampp\htdocs\cias\wp-content\themes\woodmart\inc\builder\elements\Menu.php on line 40
[06-Jul-2020 15:28:14 UTC] PHP Notice:  Trying to access array offset on value of type bool in E:\xampp\htdocs\cias\wp-content\themes\woodmart\inc\builder\elements\HTMLBlock.php on line 40
[06-Jul-2020 15:28:14 UTC] PHP Notice:  Trying to access array offset on value of type bool in E:\xampp\htdocs\cias\wp-content\themes\woodmart\inc\builder\elements\Burger.php on line 122
[06-Jul-2020 15:28:14 UTC] PHP Notice:  Trying to access array offset on value of type bool in E:\xampp\htdocs\cias\wp-content\themes\woodmart\inc\builder\elements\Categories.php on line 40
[06-Jul-2020 15:28:14 UTC] PHP Notice:  Trying to access array offset on value of type bool in E:\xampp\htdocs\cias\wp-content\themes\woodmart\inc\builder\elements\HTMLBlock.php on line 40
[06-Jul-2020 15:28:14 UTC] PHP Notice:  Trying to access array offset on value of type bool in E:\xampp\htdocs\cias\wp-content\themes\woodmart\inc\builder\elements\Menu.php on line 40
[06-Jul-2020 15:28:14 UTC] PHP Notice:  Trying to access array offset on value of type bool in E:\xampp\htdocs\cias\wp-content\themes\woodmart\inc\builder\elements\Menu.php on line 40
[06-Jul-2020 15:28:14 UTC] PHP Notice:  Trying to access array offset on value of type bool in E:\xampp\htdocs\cias\wp-content\themes\woodmart\inc\builder\elements\Burger.php on line 122
[06-Jul-2020 15:28:14 UTC] PHP Notice:  Trying to access array offset on value of type bool in E:\xampp\htdocs\cias\wp-content\themes\woodmart\inc\builder\elements\Burger.php on line 122
[06-Jul-2020 15:28:14 UTC] PHP Notice:  Trying to access array offset on value of type bool in E:\xampp\htdocs\cias\wp-content\themes\woodmart\inc\builder\elements\Categories.php on line 40
[06-Jul-2020 15:28:14 UTC] PHP Notice:  Trying to access array offset on value of type bool in E:\xampp\htdocs\cias\wp-content\themes\woodmart\inc\builder\elements\Categories.php on line 40
[06-Jul-2020 15:28:14 UTC] PHP Notice:  Trying to access array offset on value of type bool in E:\xampp\htdocs\cias\wp-content\themes\woodmart\inc\builder\elements\HTMLBlock.php on line 40
[06-Jul-2020 15:28:14 UTC] PHP Notice:  Trying to access array offset on value of type bool in E:\xampp\htdocs\cias\wp-content\themes\woodmart\inc\builder\elements\HTMLBlock.php on line 40
[06-Jul-2020 15:28:14 UTC] PHP Notice:  Trying to access array offset on value of type bool in E:\xampp\htdocs\cias\wp-content\themes\woodmart\inc\builder\elements\Menu.php on line 40
[06-Jul-2020 15:28:14 UTC] PHP Notice:  Trying to access array offset on value of type bool in E:\xampp\htdocs\cias\wp-content\themes\woodmart\inc\builder\elements\Burger.php on line 122
[06-Jul-2020 15:28:14 UTC] PHP Notice:  Trying to access array offset on value of type bool in E:\xampp\htdocs\cias\wp-content\themes\woodmart\inc\builder\elements\Categories.php on line 40
[06-Jul-2020 15:28:14 UTC] PHP Notice:  Trying to access array offset on value of type bool in E:\xampp\htdocs\cias\wp-content\themes\woodmart\inc\builder\elements\HTMLBlock.php on line 40
[06-Jul-2020 15:28:14 UTC] PHP Notice:  Trying to access array offset on value of type bool in E:\xampp\htdocs\cias\wp-content\themes\woodmart\inc\builder\elements\Menu.php on line 40
[06-Jul-2020 15:28:14 UTC] PHP Notice:  Trying to access array offset on value of type bool in E:\xampp\htdocs\cias\wp-content\themes\woodmart\inc\builder\elements\Burger.php on line 122
[06-Jul-2020 15:28:14 UTC] PHP Notice:  Trying to access array offset on value of type bool in E:\xampp\htdocs\cias\wp-content\themes\woodmart\inc\builder\elements\Categories.php on line 40
[06-Jul-2020 15:28:14 UTC] PHP Notice:  Trying to access array offset on value of type bool in E:\xampp\htdocs\cias\wp-content\themes\woodmart\inc\builder\elements\HTMLBlock.php on line 40
[06-Jul-2020 15:28:28 UTC] PHP Notice:  Trying to access array offset on value of type bool in E:\xampp\htdocs\cias\wp-content\themes\woodmart\inc\builder\elements\Menu.php on line 40
[06-Jul-2020 15:28:28 UTC] PHP Notice:  Trying to access array offset on value of type bool in E:\xampp\htdocs\cias\wp-content\themes\woodmart\inc\builder\elements\Burger.php on line 122
[06-Jul-2020 15:28:28 UTC] PHP Notice:  Trying to access array offset on value of type bool in E:\xampp\htdocs\cias\wp-content\themes\woodmart\inc\builder\elements\Categories.php on line 40
[06-Jul-2020 15:28:28 UTC] PHP Notice:  Trying to access array offset on value of type bool in E:\xampp\htdocs\cias\wp-content\themes\woodmart\inc\builder\elements\HTMLBlock.php on line 40
[06-Jul-2020 15:28:43 UTC] PHP Notice:  Trying to access array offset on value of type bool in E:\xampp\htdocs\cias\wp-content\themes\woodmart\inc\builder\elements\Menu.php on line 40
[06-Jul-2020 15:28:43 UTC] PHP Notice:  Trying to access array offset on value of type bool in E:\xampp\htdocs\cias\wp-content\themes\woodmart\inc\builder\elements\Burger.php on line 122
[06-Jul-2020 15:28:43 UTC] PHP Notice:  Trying to access array offset on value of type bool in E:\xampp\htdocs\cias\wp-content\themes\woodmart\inc\builder\elements\Categories.php on line 40
[06-Jul-2020 15:28:43 UTC] PHP Notice:  Trying to access array offset on value of type bool in E:\xampp\htdocs\cias\wp-content\themes\woodmart\inc\builder\elements\HTMLBlock.php on line 40
[06-Jul-2020 15:28:55 UTC] PHP Notice:  Trying to access array offset on value of type bool in E:\xampp\htdocs\cias\wp-content\themes\woodmart\inc\builder\elements\Menu.php on line 40
[06-Jul-2020 15:28:55 UTC] PHP Notice:  Trying to access array offset on value of type bool in E:\xampp\htdocs\cias\wp-content\themes\woodmart\inc\builder\elements\Burger.php on line 122
[06-Jul-2020 15:28:55 UTC] PHP Notice:  Trying to access array offset on value of type bool in E:\xampp\htdocs\cias\wp-content\themes\woodmart\inc\builder\elements\Categories.php on line 40
[06-Jul-2020 15:28:55 UTC] PHP Notice:  Trying to access array offset on value of type bool in E:\xampp\htdocs\cias\wp-content\themes\woodmart\inc\builder\elements\HTMLBlock.php on line 40
[06-Jul-2020 15:28:57 UTC] PHP Notice:  Trying to access array offset on value of type bool in E:\xampp\htdocs\cias\wp-content\themes\woodmart\inc\builder\elements\Menu.php on line 40
[06-Jul-2020 15:28:57 UTC] PHP Notice:  Trying to access array offset on value of type bool in E:\xampp\htdocs\cias\wp-content\themes\woodmart\inc\builder\elements\Burger.php on line 122
[06-Jul-2020 15:28:57 UTC] PHP Notice:  Trying to access array offset on value of type bool in E:\xampp\htdocs\cias\wp-content\themes\woodmart\inc\builder\elements\Categories.php on line 40
[06-Jul-2020 15:28:57 UTC] PHP Notice:  Trying to access array offset on value of type bool in E:\xampp\htdocs\cias\wp-content\themes\woodmart\inc\builder\elements\HTMLBlock.php on line 40
[06-Jul-2020 15:28:58 UTC] PHP Notice:  Trying to access array offset on value of type bool in E:\xampp\htdocs\cias\wp-content\themes\woodmart\inc\builder\elements\Menu.php on line 40
[06-Jul-2020 15:28:58 UTC] PHP Notice:  Trying to access array offset on value of type bool in E:\xampp\htdocs\cias\wp-content\themes\woodmart\inc\builder\elements\Menu.php on line 40
[06-Jul-2020 15:28:58 UTC] PHP Notice:  Trying to access array offset on value of type bool in E:\xampp\htdocs\cias\wp-content\themes\woodmart\inc\builder\elements\Menu.php on line 40
[06-Jul-2020 15:28:58 UTC] PHP Notice:  Trying to access array offset on value of type bool in E:\xampp\htdocs\cias\wp-content\themes\woodmart\inc\builder\elements\Menu.php on line 40
[06-Jul-2020 15:28:58 UTC] PHP Notice:  Trying to access array offset on value of type bool in E:\xampp\htdocs\cias\wp-content\themes\woodmart\inc\builder\elements\Burger.php on line 122
[06-Jul-2020 15:28:58 UTC] PHP Notice:  Trying to access array offset on value of type bool in E:\xampp\htdocs\cias\wp-content\themes\woodmart\inc\builder\elements\Menu.php on line 40
[06-Jul-2020 15:28:58 UTC] PHP Notice:  Trying to access array offset on value of type bool in E:\xampp\htdocs\cias\wp-content\themes\woodmart\inc\builder\elements\Burger.php on line 122
[06-Jul-2020 15:28:58 UTC] PHP Notice:  Trying to access array offset on value of type bool in E:\xampp\htdocs\cias\wp-content\themes\woodmart\inc\builder\elements\Burger.php on line 122
[06-Jul-2020 15:28:58 UTC] PHP Notice:  Trying to access array offset on value of type bool in E:\xampp\htdocs\cias\wp-content\themes\woodmart\inc\builder\elements\Burger.php on line 122
[06-Jul-2020 15:28:58 UTC] PHP Notice:  Trying to access array offset on value of type bool in E:\xampp\htdocs\cias\wp-content\themes\woodmart\inc\builder\elements\Categories.php on line 40
[06-Jul-2020 15:28:58 UTC] PHP Notice:  Trying to access array offset on value of type bool in E:\xampp\htdocs\cias\wp-content\themes\woodmart\inc\builder\elements\Burger.php on line 122
[06-Jul-2020 15:28:58 UTC] PHP Notice:  Trying to access array offset on value of type bool in E:\xampp\htdocs\cias\wp-content\themes\woodmart\inc\builder\elements\Categories.php on line 40
[06-Jul-2020 15:28:58 UTC] PHP Notice:  Trying to access array offset on value of type bool in E:\xampp\htdocs\cias\wp-content\themes\woodmart\inc\builder\elements\Categories.php on line 40
[06-Jul-2020 15:28:58 UTC] PHP Notice:  Trying to access array offset on value of type bool in E:\xampp\htdocs\cias\wp-content\themes\woodmart\inc\builder\elements\Categories.php on line 40
[06-Jul-2020 15:28:58 UTC] PHP Notice:  Trying to access array offset on value of type bool in E:\xampp\htdocs\cias\wp-content\themes\woodmart\inc\builder\elements\HTMLBlock.php on line 40
[06-Jul-2020 15:28:58 UTC] PHP Notice:  Trying to access array offset on value of type bool in E:\xampp\htdocs\cias\wp-content\themes\woodmart\inc\builder\elements\Categories.php on line 40
[06-Jul-2020 15:28:58 UTC] PHP Notice:  Trying to access array offset on value of type bool in E:\xampp\htdocs\cias\wp-content\themes\woodmart\inc\builder\elements\HTMLBlock.php on line 40
[06-Jul-2020 15:28:58 UTC] PHP Notice:  Trying to access array offset on value of type bool in E:\xampp\htdocs\cias\wp-content\themes\woodmart\inc\builder\elements\HTMLBlock.php on line 40
[06-Jul-2020 15:28:58 UTC] PHP Notice:  Trying to access array offset on value of type bool in E:\xampp\htdocs\cias\wp-content\themes\woodmart\inc\builder\elements\HTMLBlock.php on line 40
[06-Jul-2020 15:28:58 UTC] PHP Notice:  Trying to access array offset on value of type bool in E:\xampp\htdocs\cias\wp-content\themes\woodmart\inc\builder\elements\HTMLBlock.php on line 40
[06-Jul-2020 15:29:12 UTC] PHP Notice:  Trying to access array offset on value of type bool in E:\xampp\htdocs\cias\wp-content\themes\woodmart\inc\builder\elements\Menu.php on line 40
[06-Jul-2020 15:29:12 UTC] PHP Notice:  Trying to access array offset on value of type bool in E:\xampp\htdocs\cias\wp-content\themes\woodmart\inc\builder\elements\Burger.php on line 122
[06-Jul-2020 15:29:12 UTC] PHP Notice:  Trying to access array offset on value of type bool in E:\xampp\htdocs\cias\wp-content\themes\woodmart\inc\builder\elements\Categories.php on line 40
[06-Jul-2020 15:29:12 UTC] PHP Notice:  Trying to access array offset on value of type bool in E:\xampp\htdocs\cias\wp-content\themes\woodmart\inc\builder\elements\HTMLBlock.php on line 40
[06-Jul-2020 15:29:15 UTC] PHP Notice:  Trying to access array offset on value of type bool in E:\xampp\htdocs\cias\wp-content\themes\woodmart\inc\builder\elements\Menu.php on line 40
[06-Jul-2020 15:29:15 UTC] PHP Notice:  Trying to access array offset on value of type bool in E:\xampp\htdocs\cias\wp-content\themes\woodmart\inc\builder\elements\Burger.php on line 122
[06-Jul-2020 15:29:15 UTC] PHP Notice:  Trying to access array offset on value of type bool in E:\xampp\htdocs\cias\wp-content\themes\woodmart\inc\builder\elements\Categories.php on line 40
[06-Jul-2020 15:29:15 UTC] PHP Notice:  Trying to access array offset on value of type bool in E:\xampp\htdocs\cias\wp-content\themes\woodmart\inc\builder\elements\HTMLBlock.php on line 40
[06-Jul-2020 15:29:15 UTC] PHP Notice:  Trying to access array offset on value of type bool in E:\xampp\htdocs\cias\wp-content\themes\woodmart\inc\builder\elements\Menu.php on line 40
[06-Jul-2020 15:29:15 UTC] PHP Notice:  Trying to access array offset on value of type bool in E:\xampp\htdocs\cias\wp-content\themes\woodmart\inc\builder\elements\Burger.php on line 122
[06-Jul-2020 15:29:15 UTC] PHP Notice:  Trying to access array offset on value of type bool in E:\xampp\htdocs\cias\wp-content\themes\woodmart\inc\builder\elements\Categories.php on line 40
[06-Jul-2020 15:29:15 UTC] PHP Notice:  Trying to access array offset on value of type bool in E:\xampp\htdocs\cias\wp-content\themes\woodmart\inc\builder\elements\HTMLBlock.php on line 40
[06-Jul-2020 15:29:17 UTC] PHP Notice:  Trying to access array offset on value of type bool in E:\xampp\htdocs\cias\wp-content\themes\woodmart\inc\builder\elements\Menu.php on line 40
[06-Jul-2020 15:29:17 UTC] PHP Notice:  Trying to access array offset on value of type bool in E:\xampp\htdocs\cias\wp-content\themes\woodmart\inc\builder\elements\Burger.php on line 122
[06-Jul-2020 15:29:17 UTC] PHP Notice:  Trying to access array offset on value of type bool in E:\xampp\htdocs\cias\wp-content\themes\woodmart\inc\builder\elements\Categories.php on line 40
[06-Jul-2020 15:29:17 UTC] PHP Notice:  Trying to access array offset on value of type bool in E:\xampp\htdocs\cias\wp-content\themes\woodmart\inc\builder\elements\HTMLBlock.php on line 40
[06-Jul-2020 15:29:18 UTC] PHP Notice:  Trying to access array offset on value of type bool in E:\xampp\htdocs\cias\wp-content\themes\woodmart\inc\builder\elements\Menu.php on line 40
[06-Jul-2020 15:29:18 UTC] PHP Notice:  Trying to access array offset on value of type bool in E:\xampp\htdocs\cias\wp-content\themes\woodmart\inc\builder\elements\Menu.php on line 40
[06-Jul-2020 15:29:18 UTC] PHP Notice:  Trying to access array offset on value of type bool in E:\xampp\htdocs\cias\wp-content\themes\woodmart\inc\builder\elements\Menu.php on line 40
[06-Jul-2020 15:29:18 UTC] PHP Notice:  Trying to access array offset on value of type bool in E:\xampp\htdocs\cias\wp-content\themes\woodmart\inc\builder\elements\Menu.php on line 40
[06-Jul-2020 15:29:18 UTC] PHP Notice:  Trying to access array offset on value of type bool in E:\xampp\htdocs\cias\wp-content\themes\woodmart\inc\builder\elements\Menu.php on line 40
[06-Jul-2020 15:29:18 UTC] PHP Notice:  Trying to access array offset on value of type bool in E:\xampp\htdocs\cias\wp-content\themes\woodmart\inc\builder\elements\Burger.php on line 122
[06-Jul-2020 15:29:18 UTC] PHP Notice:  Trying to access array offset on value of type bool in E:\xampp\htdocs\cias\wp-content\themes\woodmart\inc\builder\elements\Burger.php on line 122
[06-Jul-2020 15:29:18 UTC] PHP Notice:  Trying to access array offset on value of type bool in E:\xampp\htdocs\cias\wp-content\themes\woodmart\inc\builder\elements\Burger.php on line 122
[06-Jul-2020 15:29:18 UTC] PHP Notice:  Trying to access array offset on value of type bool in E:\xampp\htdocs\cias\wp-content\themes\woodmart\inc\builder\elements\Burger.php on line 122
[06-Jul-2020 15:29:18 UTC] PHP Notice:  Trying to access array offset on value of type bool in E:\xampp\htdocs\cias\wp-content\themes\woodmart\inc\builder\elements\Burger.php on line 122
[06-Jul-2020 15:29:18 UTC] PHP Notice:  Trying to access array offset on value of type bool in E:\xampp\htdocs\cias\wp-content\themes\woodmart\inc\builder\elements\Categories.php on line 40
[06-Jul-2020 15:29:18 UTC] PHP Notice:  Trying to access array offset on value of type bool in E:\xampp\htdocs\cias\wp-content\themes\woodmart\inc\builder\elements\Categories.php on line 40
[06-Jul-2020 15:29:18 UTC] PHP Notice:  Trying to access array offset on value of type bool in E:\xampp\htdocs\cias\wp-content\themes\woodmart\inc\builder\elements\Categories.php on line 40
[06-Jul-2020 15:29:18 UTC] PHP Notice:  Trying to access array offset on value of type bool in E:\xampp\htdocs\cias\wp-content\themes\woodmart\inc\builder\elements\Categories.php on line 40
[06-Jul-2020 15:29:18 UTC] PHP Notice:  Trying to access array offset on value of type bool in E:\xampp\htdocs\cias\wp-content\themes\woodmart\inc\builder\elements\Categories.php on line 40
[06-Jul-2020 15:29:18 UTC] PHP Notice:  Trying to access array offset on value of type bool in E:\xampp\htdocs\cias\wp-content\themes\woodmart\inc\builder\elements\HTMLBlock.php on line 40
[06-Jul-2020 15:29:18 UTC] PHP Notice:  Trying to access array offset on value of type bool in E:\xampp\htdocs\cias\wp-content\themes\woodmart\inc\builder\elements\HTMLBlock.php on line 40
[06-Jul-2020 15:29:18 UTC] PHP Notice:  Trying to access array offset on value of type bool in E:\xampp\htdocs\cias\wp-content\themes\woodmart\inc\builder\elements\HTMLBlock.php on line 40
[06-Jul-2020 15:29:18 UTC] PHP Notice:  Trying to access array offset on value of type bool in E:\xampp\htdocs\cias\wp-content\themes\woodmart\inc\builder\elements\HTMLBlock.php on line 40
[06-Jul-2020 15:29:18 UTC] PHP Notice:  Trying to access array offset on value of type bool in E:\xampp\htdocs\cias\wp-content\themes\woodmart\inc\builder\elements\HTMLBlock.php on line 40
[06-Jul-2020 15:29:33 UTC] PHP Notice:  Trying to access array offset on value of type bool in E:\xampp\htdocs\cias\wp-content\themes\woodmart\inc\builder\elements\Menu.php on line 40
[06-Jul-2020 15:29:33 UTC] PHP Notice:  Trying to access array offset on value of type bool in E:\xampp\htdocs\cias\wp-content\themes\woodmart\inc\builder\elements\Burger.php on line 122
[06-Jul-2020 15:29:33 UTC] PHP Notice:  Trying to access array offset on value of type bool in E:\xampp\htdocs\cias\wp-content\themes\woodmart\inc\builder\elements\Categories.php on line 40
[06-Jul-2020 15:29:33 UTC] PHP Notice:  Trying to access array offset on value of type bool in E:\xampp\htdocs\cias\wp-content\themes\woodmart\inc\builder\elements\HTMLBlock.php on line 40
[06-Jul-2020 15:30:45 UTC] PHP Notice:  Trying to access array offset on value of type bool in E:\xampp\htdocs\cias\wp-content\themes\woodmart\inc\builder\elements\Menu.php on line 40
[06-Jul-2020 15:30:45 UTC] PHP Notice:  Trying to access array offset on value of type bool in E:\xampp\htdocs\cias\wp-content\themes\woodmart\inc\builder\elements\Burger.php on line 122
[06-Jul-2020 15:30:45 UTC] PHP Notice:  Trying to access array offset on value of type bool in E:\xampp\htdocs\cias\wp-content\themes\woodmart\inc\builder\elements\Categories.php on line 40
[06-Jul-2020 15:30:45 UTC] PHP Notice:  Trying to access array offset on value of type bool in E:\xampp\htdocs\cias\wp-content\themes\woodmart\inc\builder\elements\HTMLBlock.php on line 40
[06-Jul-2020 15:30:46 UTC] PHP Notice:  Trying to access array offset on value of type bool in E:\xampp\htdocs\cias\wp-content\themes\woodmart\inc\builder\elements\Menu.php on line 40
[06-Jul-2020 15:30:46 UTC] PHP Notice:  Trying to access array offset on value of type bool in E:\xampp\htdocs\cias\wp-content\themes\woodmart\inc\builder\elements\Burger.php on line 122
[06-Jul-2020 15:30:46 UTC] PHP Notice:  Trying to access array offset on value of type bool in E:\xampp\htdocs\cias\wp-content\themes\woodmart\inc\builder\elements\Categories.php on line 40
[06-Jul-2020 15:30:46 UTC] PHP Notice:  Trying to access array offset on value of type bool in E:\xampp\htdocs\cias\wp-content\themes\woodmart\inc\builder\elements\HTMLBlock.php on line 40
[06-Jul-2020 15:30:58 UTC] PHP Notice:  Trying to access array offset on value of type bool in E:\xampp\htdocs\cias\wp-content\themes\woodmart\inc\builder\elements\Menu.php on line 40
[06-Jul-2020 15:30:58 UTC] PHP Notice:  Trying to access array offset on value of type bool in E:\xampp\htdocs\cias\wp-content\themes\woodmart\inc\builder\elements\Burger.php on line 122
[06-Jul-2020 15:30:58 UTC] PHP Notice:  Trying to access array offset on value of type bool in E:\xampp\htdocs\cias\wp-content\themes\woodmart\inc\builder\elements\Categories.php on line 40
[06-Jul-2020 15:30:58 UTC] PHP Notice:  Trying to access array offset on value of type bool in E:\xampp\htdocs\cias\wp-content\themes\woodmart\inc\builder\elements\HTMLBlock.php on line 40
[06-Jul-2020 15:31:01 UTC] PHP Notice:  Trying to access array offset on value of type bool in E:\xampp\htdocs\cias\wp-content\themes\woodmart\inc\builder\elements\Menu.php on line 40
[06-Jul-2020 15:31:01 UTC] PHP Notice:  Trying to access array offset on value of type bool in E:\xampp\htdocs\cias\wp-content\themes\woodmart\inc\builder\elements\Burger.php on line 122
[06-Jul-2020 15:31:01 UTC] PHP Notice:  Trying to access array offset on value of type bool in E:\xampp\htdocs\cias\wp-content\themes\woodmart\inc\builder\elements\Categories.php on line 40
[06-Jul-2020 15:31:01 UTC] PHP Notice:  Trying to access array offset on value of type bool in E:\xampp\htdocs\cias\wp-content\themes\woodmart\inc\builder\elements\HTMLBlock.php on line 40
[06-Jul-2020 15:31:01 UTC] PHP Notice:  Trying to access array offset on value of type bool in E:\xampp\htdocs\cias\wp-content\themes\woodmart\inc\builder\elements\Menu.php on line 40
[06-Jul-2020 15:31:01 UTC] PHP Notice:  Trying to access array offset on value of type bool in E:\xampp\htdocs\cias\wp-content\themes\woodmart\inc\builder\elements\Menu.php on line 40
[06-Jul-2020 15:31:01 UTC] PHP Notice:  Trying to access array offset on value of type bool in E:\xampp\htdocs\cias\wp-content\themes\woodmart\inc\builder\elements\Menu.php on line 40
[06-Jul-2020 15:31:01 UTC] PHP Notice:  Trying to access array offset on value of type bool in E:\xampp\htdocs\cias\wp-content\themes\woodmart\inc\builder\elements\Burger.php on line 122
[06-Jul-2020 15:31:01 UTC] PHP Notice:  Trying to access array offset on value of type bool in E:\xampp\htdocs\cias\wp-content\themes\woodmart\inc\builder\elements\Burger.php on line 122
[06-Jul-2020 15:31:01 UTC] PHP Notice:  Trying to access array offset on value of type bool in E:\xampp\htdocs\cias\wp-content\themes\woodmart\inc\builder\elements\Burger.php on line 122
[06-Jul-2020 15:31:01 UTC] PHP Notice:  Trying to access array offset on value of type bool in E:\xampp\htdocs\cias\wp-content\themes\woodmart\inc\builder\elements\Categories.php on line 40
[06-Jul-2020 15:31:01 UTC] PHP Notice:  Trying to access array offset on value of type bool in E:\xampp\htdocs\cias\wp-content\themes\woodmart\inc\builder\elements\Categories.php on line 40
[06-Jul-2020 15:31:01 UTC] PHP Notice:  Trying to access array offset on value of type bool in E:\xampp\htdocs\cias\wp-content\themes\woodmart\inc\builder\elements\Categories.php on line 40
[06-Jul-2020 15:31:01 UTC] PHP Notice:  Trying to access array offset on value of type bool in E:\xampp\htdocs\cias\wp-content\themes\woodmart\inc\builder\elements\Menu.php on line 40
[06-Jul-2020 15:31:01 UTC] PHP Notice:  Trying to access array offset on value of type bool in E:\xampp\htdocs\cias\wp-content\themes\woodmart\inc\builder\elements\Menu.php on line 40
[06-Jul-2020 15:31:01 UTC] PHP Notice:  Trying to access array offset on value of type bool in E:\xampp\htdocs\cias\wp-content\themes\woodmart\inc\builder\elements\HTMLBlock.php on line 40
[06-Jul-2020 15:31:01 UTC] PHP Notice:  Trying to access array offset on value of type bool in E:\xampp\htdocs\cias\wp-content\themes\woodmart\inc\builder\elements\HTMLBlock.php on line 40
[06-Jul-2020 15:31:01 UTC] PHP Notice:  Trying to access array offset on value of type bool in E:\xampp\htdocs\cias\wp-content\themes\woodmart\inc\builder\elements\HTMLBlock.php on line 40
[06-Jul-2020 15:31:01 UTC] PHP Notice:  Trying to access array offset on value of type bool in E:\xampp\htdocs\cias\wp-content\themes\woodmart\inc\builder\elements\Burger.php on line 122
[06-Jul-2020 15:31:01 UTC] PHP Notice:  Trying to access array offset on value of type bool in E:\xampp\htdocs\cias\wp-content\themes\woodmart\inc\builder\elements\Burger.php on line 122
[06-Jul-2020 15:31:01 UTC] PHP Notice:  Trying to access array offset on value of type bool in E:\xampp\htdocs\cias\wp-content\themes\woodmart\inc\builder\elements\Categories.php on line 40
[06-Jul-2020 15:31:01 UTC] PHP Notice:  Trying to access array offset on value of type bool in E:\xampp\htdocs\cias\wp-content\themes\woodmart\inc\builder\elements\Categories.php on line 40
[06-Jul-2020 15:31:01 UTC] PHP Notice:  Trying to access array offset on value of type bool in E:\xampp\htdocs\cias\wp-content\themes\woodmart\inc\builder\elements\HTMLBlock.php on line 40
[06-Jul-2020 15:31:01 UTC] PHP Notice:  Trying to access array offset on value of type bool in E:\xampp\htdocs\cias\wp-content\themes\woodmart\inc\builder\elements\HTMLBlock.php on line 40
[06-Jul-2020 15:31:16 UTC] PHP Notice:  Trying to access array offset on value of type bool in E:\xampp\htdocs\cias\wp-content\themes\woodmart\inc\builder\elements\Menu.php on line 40
[06-Jul-2020 15:31:16 UTC] PHP Notice:  Trying to access array offset on value of type bool in E:\xampp\htdocs\cias\wp-content\themes\woodmart\inc\builder\elements\Burger.php on line 122
[06-Jul-2020 15:31:16 UTC] PHP Notice:  Trying to access array offset on value of type bool in E:\xampp\htdocs\cias\wp-content\themes\woodmart\inc\builder\elements\Categories.php on line 40
[06-Jul-2020 15:31:16 UTC] PHP Notice:  Trying to access array offset on value of type bool in E:\xampp\htdocs\cias\wp-content\themes\woodmart\inc\builder\elements\HTMLBlock.php on line 40
[06-Jul-2020 15:31:16 UTC] PHP Notice:  Trying to access array offset on value of type bool in E:\xampp\htdocs\cias\wp-content\themes\woodmart\inc\builder\elements\Menu.php on line 40
[06-Jul-2020 15:31:16 UTC] PHP Notice:  Trying to access array offset on value of type bool in E:\xampp\htdocs\cias\wp-content\themes\woodmart\inc\builder\elements\Burger.php on line 122
[06-Jul-2020 15:31:16 UTC] PHP Notice:  Trying to access array offset on value of type bool in E:\xampp\htdocs\cias\wp-content\themes\woodmart\inc\builder\elements\Categories.php on line 40
[06-Jul-2020 15:31:16 UTC] PHP Notice:  Trying to access array offset on value of type bool in E:\xampp\htdocs\cias\wp-content\themes\woodmart\inc\builder\elements\HTMLBlock.php on line 40
[06-Jul-2020 15:31:31 UTC] PHP Notice:  Trying to access array offset on value of type bool in E:\xampp\htdocs\cias\wp-content\themes\woodmart\inc\builder\elements\Menu.php on line 40
[06-Jul-2020 15:31:31 UTC] PHP Notice:  Trying to access array offset on value of type bool in E:\xampp\htdocs\cias\wp-content\themes\woodmart\inc\builder\elements\Burger.php on line 122
[06-Jul-2020 15:31:31 UTC] PHP Notice:  Trying to access array offset on value of type bool in E:\xampp\htdocs\cias\wp-content\themes\woodmart\inc\builder\elements\Categories.php on line 40
[06-Jul-2020 15:31:31 UTC] PHP Notice:  Trying to access array offset on value of type bool in E:\xampp\htdocs\cias\wp-content\themes\woodmart\inc\builder\elements\HTMLBlock.php on line 40
[06-Jul-2020 15:33:08 UTC] PHP Notice:  Trying to access array offset on value of type bool in E:\xampp\htdocs\cias\wp-content\themes\woodmart\inc\builder\elements\Menu.php on line 40
[06-Jul-2020 15:33:08 UTC] PHP Notice:  Trying to access array offset on value of type bool in E:\xampp\htdocs\cias\wp-content\themes\woodmart\inc\builder\elements\Burger.php on line 122
[06-Jul-2020 15:33:08 UTC] PHP Notice:  Trying to access array offset on value of type bool in E:\xampp\htdocs\cias\wp-content\themes\woodmart\inc\builder\elements\Categories.php on line 40
[06-Jul-2020 15:33:08 UTC] PHP Notice:  Trying to access array offset on value of type bool in E:\xampp\htdocs\cias\wp-content\themes\woodmart\inc\builder\elements\HTMLBlock.php on line 40
[06-Jul-2020 15:33:08 UTC] PHP Notice:  Trying to access array offset on value of type bool in E:\xampp\htdocs\cias\wp-content\themes\woodmart\inc\builder\elements\Menu.php on line 40
[06-Jul-2020 15:33:08 UTC] PHP Notice:  Trying to access array offset on value of type bool in E:\xampp\htdocs\cias\wp-content\themes\woodmart\inc\builder\elements\Burger.php on line 122
[06-Jul-2020 15:33:08 UTC] PHP Notice:  Trying to access array offset on value of type bool in E:\xampp\htdocs\cias\wp-content\themes\woodmart\inc\builder\elements\Categories.php on line 40
[06-Jul-2020 15:33:08 UTC] PHP Notice:  Trying to access array offset on value of type bool in E:\xampp\htdocs\cias\wp-content\themes\woodmart\inc\builder\elements\HTMLBlock.php on line 40
[06-Jul-2020 15:33:09 UTC] PHP Notice:  Trying to access array offset on value of type bool in E:\xampp\htdocs\cias\wp-content\themes\woodmart\inc\builder\elements\Menu.php on line 40
[06-Jul-2020 15:33:09 UTC] PHP Notice:  Trying to access array offset on value of type bool in E:\xampp\htdocs\cias\wp-content\themes\woodmart\inc\builder\elements\Burger.php on line 122
[06-Jul-2020 15:33:09 UTC] PHP Notice:  Trying to access array offset on value of type bool in E:\xampp\htdocs\cias\wp-content\themes\woodmart\inc\builder\elements\Categories.php on line 40
[06-Jul-2020 15:33:09 UTC] PHP Notice:  Trying to access array offset on value of type bool in E:\xampp\htdocs\cias\wp-content\themes\woodmart\inc\builder\elements\HTMLBlock.php on line 40
[06-Jul-2020 15:34:11 UTC] PHP Notice:  Trying to access array offset on value of type bool in E:\xampp\htdocs\cias\wp-content\themes\woodmart\inc\builder\elements\Menu.php on line 40
[06-Jul-2020 15:34:11 UTC] PHP Notice:  Trying to access array offset on value of type bool in E:\xampp\htdocs\cias\wp-content\themes\woodmart\inc\builder\elements\Burger.php on line 122
[06-Jul-2020 15:34:11 UTC] PHP Notice:  Trying to access array offset on value of type bool in E:\xampp\htdocs\cias\wp-content\themes\woodmart\inc\builder\elements\Categories.php on line 40
[06-Jul-2020 15:34:11 UTC] PHP Notice:  Trying to access array offset on value of type bool in E:\xampp\htdocs\cias\wp-content\themes\woodmart\inc\builder\elements\HTMLBlock.php on line 40
[06-Jul-2020 15:34:11 UTC] PHP Notice:  Trying to access array offset on value of type bool in E:\xampp\htdocs\cias\wp-content\themes\woodmart\inc\builder\elements\Menu.php on line 40
[06-Jul-2020 15:34:11 UTC] PHP Notice:  Trying to access array offset on value of type bool in E:\xampp\htdocs\cias\wp-content\themes\woodmart\inc\builder\elements\Burger.php on line 122
[06-Jul-2020 15:34:11 UTC] PHP Notice:  Trying to access array offset on value of type bool in E:\xampp\htdocs\cias\wp-content\themes\woodmart\inc\builder\elements\Categories.php on line 40
[06-Jul-2020 15:34:11 UTC] PHP Notice:  Trying to access array offset on value of type bool in E:\xampp\htdocs\cias\wp-content\themes\woodmart\inc\builder\elements\HTMLBlock.php on line 40
[06-Jul-2020 15:37:29 UTC] PHP Notice:  Trying to access array offset on value of type bool in E:\xampp\htdocs\cias\wp-content\themes\woodmart\inc\builder\elements\Menu.php on line 40
[06-Jul-2020 15:37:29 UTC] PHP Notice:  Trying to access array offset on value of type bool in E:\xampp\htdocs\cias\wp-content\themes\woodmart\inc\builder\elements\Burger.php on line 122
[06-Jul-2020 15:37:29 UTC] PHP Notice:  Trying to access array offset on value of type bool in E:\xampp\htdocs\cias\wp-content\themes\woodmart\inc\builder\elements\Categories.php on line 40
[06-Jul-2020 15:37:29 UTC] PHP Notice:  Trying to access array offset on value of type bool in E:\xampp\htdocs\cias\wp-content\themes\woodmart\inc\builder\elements\HTMLBlock.php on line 40
[06-Jul-2020 15:37:29 UTC] PHP Notice:  Trying to access array offset on value of type bool in E:\xampp\htdocs\cias\wp-content\themes\woodmart\inc\builder\elements\Menu.php on line 40
[06-Jul-2020 15:37:29 UTC] PHP Notice:  Trying to access array offset on value of type bool in E:\xampp\htdocs\cias\wp-content\themes\woodmart\inc\builder\elements\Burger.php on line 122
[06-Jul-2020 15:37:29 UTC] PHP Notice:  Trying to access array offset on value of type bool in E:\xampp\htdocs\cias\wp-content\themes\woodmart\inc\builder\elements\Categories.php on line 40
[06-Jul-2020 15:37:29 UTC] PHP Notice:  Trying to access array offset on value of type bool in E:\xampp\htdocs\cias\wp-content\themes\woodmart\inc\builder\elements\HTMLBlock.php on line 40
[06-Jul-2020 15:37:47 UTC] PHP Notice:  Trying to access array offset on value of type bool in E:\xampp\htdocs\cias\wp-content\themes\woodmart\inc\builder\elements\Menu.php on line 40
[06-Jul-2020 15:37:47 UTC] PHP Notice:  Trying to access array offset on value of type bool in E:\xampp\htdocs\cias\wp-content\themes\woodmart\inc\builder\elements\Burger.php on line 122
[06-Jul-2020 15:37:47 UTC] PHP Notice:  Trying to access array offset on value of type bool in E:\xampp\htdocs\cias\wp-content\themes\woodmart\inc\builder\elements\Categories.php on line 40
[06-Jul-2020 15:37:47 UTC] PHP Notice:  Trying to access array offset on value of type bool in E:\xampp\htdocs\cias\wp-content\themes\woodmart\inc\builder\elements\HTMLBlock.php on line 40
[06-Jul-2020 15:37:47 UTC] PHP Notice:  Trying to access array offset on value of type bool in E:\xampp\htdocs\cias\wp-content\themes\woodmart\inc\builder\elements\Menu.php on line 40
[06-Jul-2020 15:37:47 UTC] PHP Notice:  Trying to access array offset on value of type bool in E:\xampp\htdocs\cias\wp-content\themes\woodmart\inc\builder\elements\Burger.php on line 122
[06-Jul-2020 15:37:47 UTC] PHP Notice:  Trying to access array offset on value of type bool in E:\xampp\htdocs\cias\wp-content\themes\woodmart\inc\builder\elements\Categories.php on line 40
[06-Jul-2020 15:37:47 UTC] PHP Notice:  Trying to access array offset on value of type bool in E:\xampp\htdocs\cias\wp-content\themes\woodmart\inc\builder\elements\HTMLBlock.php on line 40
[06-Jul-2020 15:37:50 UTC] PHP Notice:  Trying to access array offset on value of type bool in E:\xampp\htdocs\cias\wp-content\themes\woodmart\inc\builder\elements\Menu.php on line 40
[06-Jul-2020 15:37:50 UTC] PHP Notice:  Trying to access array offset on value of type bool in E:\xampp\htdocs\cias\wp-content\themes\woodmart\inc\builder\elements\Burger.php on line 122
[06-Jul-2020 15:37:50 UTC] PHP Notice:  Trying to access array offset on value of type bool in E:\xampp\htdocs\cias\wp-content\themes\woodmart\inc\builder\elements\Categories.php on line 40
[06-Jul-2020 15:37:50 UTC] PHP Notice:  Trying to access array offset on value of type bool in E:\xampp\htdocs\cias\wp-content\themes\woodmart\inc\builder\elements\HTMLBlock.php on line 40
[06-Jul-2020 15:37:57 UTC] PHP Notice:  Trying to access array offset on value of type bool in E:\xampp\htdocs\cias\wp-content\themes\woodmart\inc\builder\elements\Menu.php on line 40
[06-Jul-2020 15:37:57 UTC] PHP Notice:  Trying to access array offset on value of type bool in E:\xampp\htdocs\cias\wp-content\themes\woodmart\inc\builder\elements\Burger.php on line 122
[06-Jul-2020 15:37:57 UTC] PHP Notice:  Trying to access array offset on value of type bool in E:\xampp\htdocs\cias\wp-content\themes\woodmart\inc\builder\elements\Categories.php on line 40
[06-Jul-2020 15:37:57 UTC] PHP Notice:  Trying to access array offset on value of type bool in E:\xampp\htdocs\cias\wp-content\themes\woodmart\inc\builder\elements\HTMLBlock.php on line 40
[06-Jul-2020 15:38:02 UTC] PHP Notice:  Trying to access array offset on value of type bool in E:\xampp\htdocs\cias\wp-content\themes\woodmart\inc\builder\elements\Menu.php on line 40
[06-Jul-2020 15:38:02 UTC] PHP Notice:  Trying to access array offset on value of type bool in E:\xampp\htdocs\cias\wp-content\themes\woodmart\inc\builder\elements\Burger.php on line 122
[06-Jul-2020 15:38:02 UTC] PHP Notice:  Trying to access array offset on value of type bool in E:\xampp\htdocs\cias\wp-content\themes\woodmart\inc\builder\elements\Categories.php on line 40
[06-Jul-2020 15:38:02 UTC] PHP Notice:  Trying to access array offset on value of type bool in E:\xampp\htdocs\cias\wp-content\themes\woodmart\inc\builder\elements\HTMLBlock.php on line 40
[06-Jul-2020 15:38:02 UTC] PHP Notice:  Trying to access array offset on value of type bool in E:\xampp\htdocs\cias\wp-content\themes\woodmart\inc\builder\elements\Menu.php on line 40
[06-Jul-2020 15:38:02 UTC] PHP Notice:  Trying to access array offset on value of type bool in E:\xampp\htdocs\cias\wp-content\themes\woodmart\inc\builder\elements\Burger.php on line 122
[06-Jul-2020 15:38:02 UTC] PHP Notice:  Trying to access array offset on value of type bool in E:\xampp\htdocs\cias\wp-content\themes\woodmart\inc\builder\elements\Categories.php on line 40
[06-Jul-2020 15:38:02 UTC] PHP Notice:  Trying to access array offset on value of type bool in E:\xampp\htdocs\cias\wp-content\themes\woodmart\inc\builder\elements\HTMLBlock.php on line 40
[06-Jul-2020 15:38:08 UTC] PHP Notice:  Trying to access array offset on value of type bool in E:\xampp\htdocs\cias\wp-content\themes\woodmart\inc\builder\elements\Menu.php on line 40
[06-Jul-2020 15:38:08 UTC] PHP Notice:  Trying to access array offset on value of type bool in E:\xampp\htdocs\cias\wp-content\themes\woodmart\inc\builder\elements\Burger.php on line 122
[06-Jul-2020 15:38:08 UTC] PHP Notice:  Trying to access array offset on value of type bool in E:\xampp\htdocs\cias\wp-content\themes\woodmart\inc\builder\elements\Categories.php on line 40
[06-Jul-2020 15:38:08 UTC] PHP Notice:  Trying to access array offset on value of type bool in E:\xampp\htdocs\cias\wp-content\themes\woodmart\inc\builder\elements\HTMLBlock.php on line 40
[06-Jul-2020 15:38:15 UTC] PHP Notice:  Trying to access array offset on value of type bool in E:\xampp\htdocs\cias\wp-content\themes\woodmart\inc\builder\elements\Menu.php on line 40
[06-Jul-2020 15:38:15 UTC] PHP Notice:  Trying to access array offset on value of type bool in E:\xampp\htdocs\cias\wp-content\themes\woodmart\inc\builder\elements\Burger.php on line 122
[06-Jul-2020 15:38:15 UTC] PHP Notice:  Trying to access array offset on value of type bool in E:\xampp\htdocs\cias\wp-content\themes\woodmart\inc\builder\elements\Categories.php on line 40
[06-Jul-2020 15:38:15 UTC] PHP Notice:  Trying to access array offset on value of type bool in E:\xampp\htdocs\cias\wp-content\themes\woodmart\inc\builder\elements\HTMLBlock.php on line 40
[06-Jul-2020 15:39:25 UTC] PHP Notice:  Trying to access array offset on value of type bool in E:\xampp\htdocs\cias\wp-content\themes\woodmart\inc\builder\elements\Menu.php on line 40
[06-Jul-2020 15:39:25 UTC] PHP Notice:  Trying to access array offset on value of type bool in E:\xampp\htdocs\cias\wp-content\themes\woodmart\inc\builder\elements\Burger.php on line 122
[06-Jul-2020 15:39:25 UTC] PHP Notice:  Trying to access array offset on value of type bool in E:\xampp\htdocs\cias\wp-content\themes\woodmart\inc\builder\elements\Categories.php on line 40
[06-Jul-2020 15:39:25 UTC] PHP Notice:  Trying to access array offset on value of type bool in E:\xampp\htdocs\cias\wp-content\themes\woodmart\inc\builder\elements\HTMLBlock.php on line 40
[06-Jul-2020 15:39:25 UTC] PHP Notice:  Trying to access array offset on value of type bool in E:\xampp\htdocs\cias\wp-content\themes\woodmart\inc\builder\elements\Menu.php on line 40
[06-Jul-2020 15:39:25 UTC] PHP Notice:  Trying to access array offset on value of type bool in E:\xampp\htdocs\cias\wp-content\themes\woodmart\inc\builder\elements\Burger.php on line 122
[06-Jul-2020 15:39:25 UTC] PHP Notice:  Trying to access array offset on value of type bool in E:\xampp\htdocs\cias\wp-content\themes\woodmart\inc\builder\elements\Categories.php on line 40
[06-Jul-2020 15:39:25 UTC] PHP Notice:  Trying to access array offset on value of type bool in E:\xampp\htdocs\cias\wp-content\themes\woodmart\inc\builder\elements\HTMLBlock.php on line 40
[06-Jul-2020 15:41:26 UTC] PHP Notice:  Trying to access array offset on value of type bool in E:\xampp\htdocs\cias\wp-content\themes\woodmart\inc\builder\elements\Menu.php on line 40
[06-Jul-2020 15:41:26 UTC] PHP Notice:  Trying to access array offset on value of type bool in E:\xampp\htdocs\cias\wp-content\themes\woodmart\inc\builder\elements\Burger.php on line 122
[06-Jul-2020 15:41:26 UTC] PHP Notice:  Trying to access array offset on value of type bool in E:\xampp\htdocs\cias\wp-content\themes\woodmart\inc\builder\elements\Categories.php on line 40
[06-Jul-2020 15:41:26 UTC] PHP Notice:  Trying to access array offset on value of type bool in E:\xampp\htdocs\cias\wp-content\themes\woodmart\inc\builder\elements\HTMLBlock.php on line 40
[06-Jul-2020 15:41:26 UTC] PHP Notice:  Trying to access array offset on value of type bool in E:\xampp\htdocs\cias\wp-content\themes\woodmart\inc\builder\elements\Menu.php on line 40
[06-Jul-2020 15:41:26 UTC] PHP Notice:  Trying to access array offset on value of type bool in E:\xampp\htdocs\cias\wp-content\themes\woodmart\inc\builder\elements\Burger.php on line 122
[06-Jul-2020 15:41:26 UTC] PHP Notice:  Trying to access array offset on value of type bool in E:\xampp\htdocs\cias\wp-content\themes\woodmart\inc\builder\elements\Categories.php on line 40
[06-Jul-2020 15:41:26 UTC] PHP Notice:  Trying to access array offset on value of type bool in E:\xampp\htdocs\cias\wp-content\themes\woodmart\inc\builder\elements\HTMLBlock.php on line 40
[06-Jul-2020 15:43:26 UTC] PHP Notice:  Trying to access array offset on value of type bool in E:\xampp\htdocs\cias\wp-content\themes\woodmart\inc\builder\elements\Menu.php on line 40
[06-Jul-2020 15:43:26 UTC] PHP Notice:  Trying to access array offset on value of type bool in E:\xampp\htdocs\cias\wp-content\themes\woodmart\inc\builder\elements\Burger.php on line 122
[06-Jul-2020 15:43:26 UTC] PHP Notice:  Trying to access array offset on value of type bool in E:\xampp\htdocs\cias\wp-content\themes\woodmart\inc\builder\elements\Categories.php on line 40
[06-Jul-2020 15:43:26 UTC] PHP Notice:  Trying to access array offset on value of type bool in E:\xampp\htdocs\cias\wp-content\themes\woodmart\inc\builder\elements\HTMLBlock.php on line 40
[06-Jul-2020 15:43:26 UTC] PHP Notice:  Trying to access array offset on value of type bool in E:\xampp\htdocs\cias\wp-content\themes\woodmart\inc\builder\elements\Menu.php on line 40
[06-Jul-2020 15:43:26 UTC] PHP Notice:  Trying to access array offset on value of type bool in E:\xampp\htdocs\cias\wp-content\themes\woodmart\inc\builder\elements\Burger.php on line 122
[06-Jul-2020 15:43:26 UTC] PHP Notice:  Trying to access array offset on value of type bool in E:\xampp\htdocs\cias\wp-content\themes\woodmart\inc\builder\elements\Categories.php on line 40
[06-Jul-2020 15:43:26 UTC] PHP Notice:  Trying to access array offset on value of type bool in E:\xampp\htdocs\cias\wp-content\themes\woodmart\inc\builder\elements\HTMLBlock.php on line 40
[06-Jul-2020 15:45:27 UTC] PHP Notice:  Trying to access array offset on value of type bool in E:\xampp\htdocs\cias\wp-content\themes\woodmart\inc\builder\elements\Menu.php on line 40
[06-Jul-2020 15:45:27 UTC] PHP Notice:  Trying to access array offset on value of type bool in E:\xampp\htdocs\cias\wp-content\themes\woodmart\inc\builder\elements\Burger.php on line 122
[06-Jul-2020 15:45:27 UTC] PHP Notice:  Trying to access array offset on value of type bool in E:\xampp\htdocs\cias\wp-content\themes\woodmart\inc\builder\elements\Categories.php on line 40
[06-Jul-2020 15:45:27 UTC] PHP Notice:  Trying to access array offset on value of type bool in E:\xampp\htdocs\cias\wp-content\themes\woodmart\inc\builder\elements\HTMLBlock.php on line 40
[06-Jul-2020 15:45:27 UTC] PHP Notice:  Trying to access array offset on value of type bool in E:\xampp\htdocs\cias\wp-content\themes\woodmart\inc\builder\elements\Menu.php on line 40
[06-Jul-2020 15:45:27 UTC] PHP Notice:  Trying to access array offset on value of type bool in E:\xampp\htdocs\cias\wp-content\themes\woodmart\inc\builder\elements\Burger.php on line 122
[06-Jul-2020 15:45:27 UTC] PHP Notice:  Trying to access array offset on value of type bool in E:\xampp\htdocs\cias\wp-content\themes\woodmart\inc\builder\elements\Categories.php on line 40
[06-Jul-2020 15:45:27 UTC] PHP Notice:  Trying to access array offset on value of type bool in E:\xampp\htdocs\cias\wp-content\themes\woodmart\inc\builder\elements\HTMLBlock.php on line 40
[06-Jul-2020 15:47:28 UTC] PHP Notice:  Trying to access array offset on value of type bool in E:\xampp\htdocs\cias\wp-content\themes\woodmart\inc\builder\elements\Menu.php on line 40
[06-Jul-2020 15:47:28 UTC] PHP Notice:  Trying to access array offset on value of type bool in E:\xampp\htdocs\cias\wp-content\themes\woodmart\inc\builder\elements\Burger.php on line 122
[06-Jul-2020 15:47:28 UTC] PHP Notice:  Trying to access array offset on value of type bool in E:\xampp\htdocs\cias\wp-content\themes\woodmart\inc\builder\elements\Categories.php on line 40
[06-Jul-2020 15:47:28 UTC] PHP Notice:  Trying to access array offset on value of type bool in E:\xampp\htdocs\cias\wp-content\themes\woodmart\inc\builder\elements\HTMLBlock.php on line 40
[06-Jul-2020 15:47:28 UTC] PHP Notice:  Trying to access array offset on value of type bool in E:\xampp\htdocs\cias\wp-content\themes\woodmart\inc\builder\elements\Menu.php on line 40
[06-Jul-2020 15:47:28 UTC] PHP Notice:  Trying to access array offset on value of type bool in E:\xampp\htdocs\cias\wp-content\themes\woodmart\inc\builder\elements\Burger.php on line 122
[06-Jul-2020 15:47:28 UTC] PHP Notice:  Trying to access array offset on value of type bool in E:\xampp\htdocs\cias\wp-content\themes\woodmart\inc\builder\elements\Categories.php on line 40
[06-Jul-2020 15:47:28 UTC] PHP Notice:  Trying to access array offset on value of type bool in E:\xampp\htdocs\cias\wp-content\themes\woodmart\inc\builder\elements\HTMLBlock.php on line 40
[06-Jul-2020 15:49:30 UTC] PHP Notice:  Trying to access array offset on value of type bool in E:\xampp\htdocs\cias\wp-content\themes\woodmart\inc\builder\elements\Menu.php on line 40
[06-Jul-2020 15:49:30 UTC] PHP Notice:  Trying to access array offset on value of type bool in E:\xampp\htdocs\cias\wp-content\themes\woodmart\inc\builder\elements\Burger.php on line 122
[06-Jul-2020 15:49:30 UTC] PHP Notice:  Trying to access array offset on value of type bool in E:\xampp\htdocs\cias\wp-content\themes\woodmart\inc\builder\elements\Categories.php on line 40
[06-Jul-2020 15:49:30 UTC] PHP Notice:  Trying to access array offset on value of type bool in E:\xampp\htdocs\cias\wp-content\themes\woodmart\inc\builder\elements\HTMLBlock.php on line 40
[06-Jul-2020 15:49:30 UTC] PHP Notice:  Trying to access array offset on value of type bool in E:\xampp\htdocs\cias\wp-content\themes\woodmart\inc\builder\elements\Menu.php on line 40
[06-Jul-2020 15:49:30 UTC] PHP Notice:  Trying to access array offset on value of type bool in E:\xampp\htdocs\cias\wp-content\themes\woodmart\inc\builder\elements\Burger.php on line 122
[06-Jul-2020 15:49:30 UTC] PHP Notice:  Trying to access array offset on value of type bool in E:\xampp\htdocs\cias\wp-content\themes\woodmart\inc\builder\elements\Categories.php on line 40
[06-Jul-2020 15:49:30 UTC] PHP Notice:  Trying to access array offset on value of type bool in E:\xampp\htdocs\cias\wp-content\themes\woodmart\inc\builder\elements\HTMLBlock.php on line 40
[06-Jul-2020 15:51:30 UTC] PHP Notice:  Trying to access array offset on value of type bool in E:\xampp\htdocs\cias\wp-content\themes\woodmart\inc\builder\elements\Menu.php on line 40
[06-Jul-2020 15:51:30 UTC] PHP Notice:  Trying to access array offset on value of type bool in E:\xampp\htdocs\cias\wp-content\themes\woodmart\inc\builder\elements\Burger.php on line 122
[06-Jul-2020 15:51:30 UTC] PHP Notice:  Trying to access array offset on value of type bool in E:\xampp\htdocs\cias\wp-content\themes\woodmart\inc\builder\elements\Categories.php on line 40
[06-Jul-2020 15:51:30 UTC] PHP Notice:  Trying to access array offset on value of type bool in E:\xampp\htdocs\cias\wp-content\themes\woodmart\inc\builder\elements\HTMLBlock.php on line 40
[06-Jul-2020 15:51:30 UTC] PHP Notice:  Trying to access array offset on value of type bool in E:\xampp\htdocs\cias\wp-content\themes\woodmart\inc\builder\elements\Menu.php on line 40
[06-Jul-2020 15:51:30 UTC] PHP Notice:  Trying to access array offset on value of type bool in E:\xampp\htdocs\cias\wp-content\themes\woodmart\inc\builder\elements\Burger.php on line 122
[06-Jul-2020 15:51:30 UTC] PHP Notice:  Trying to access array offset on value of type bool in E:\xampp\htdocs\cias\wp-content\themes\woodmart\inc\builder\elements\Categories.php on line 40
[06-Jul-2020 15:51:30 UTC] PHP Notice:  Trying to access array offset on value of type bool in E:\xampp\htdocs\cias\wp-content\themes\woodmart\inc\builder\elements\HTMLBlock.php on line 40
[06-Jul-2020 15:53:31 UTC] PHP Notice:  Trying to access array offset on value of type bool in E:\xampp\htdocs\cias\wp-content\themes\woodmart\inc\builder\elements\Menu.php on line 40
[06-Jul-2020 15:53:31 UTC] PHP Notice:  Trying to access array offset on value of type bool in E:\xampp\htdocs\cias\wp-content\themes\woodmart\inc\builder\elements\Burger.php on line 122
[06-Jul-2020 15:53:31 UTC] PHP Notice:  Trying to access array offset on value of type bool in E:\xampp\htdocs\cias\wp-content\themes\woodmart\inc\builder\elements\Categories.php on line 40
[06-Jul-2020 15:53:31 UTC] PHP Notice:  Trying to access array offset on value of type bool in E:\xampp\htdocs\cias\wp-content\themes\woodmart\inc\builder\elements\HTMLBlock.php on line 40
[06-Jul-2020 15:53:31 UTC] PHP Notice:  Trying to access array offset on value of type bool in E:\xampp\htdocs\cias\wp-content\themes\woodmart\inc\builder\elements\Menu.php on line 40
[06-Jul-2020 15:53:31 UTC] PHP Notice:  Trying to access array offset on value of type bool in E:\xampp\htdocs\cias\wp-content\themes\woodmart\inc\builder\elements\Burger.php on line 122
[06-Jul-2020 15:53:31 UTC] PHP Notice:  Trying to access array offset on value of type bool in E:\xampp\htdocs\cias\wp-content\themes\woodmart\inc\builder\elements\Categories.php on line 40
[06-Jul-2020 15:53:31 UTC] PHP Notice:  Trying to access array offset on value of type bool in E:\xampp\htdocs\cias\wp-content\themes\woodmart\inc\builder\elements\HTMLBlock.php on line 40
[06-Jul-2020 15:55:32 UTC] PHP Notice:  Trying to access array offset on value of type bool in E:\xampp\htdocs\cias\wp-content\themes\woodmart\inc\builder\elements\Menu.php on line 40
[06-Jul-2020 15:55:32 UTC] PHP Notice:  Trying to access array offset on value of type bool in E:\xampp\htdocs\cias\wp-content\themes\woodmart\inc\builder\elements\Burger.php on line 122
[06-Jul-2020 15:55:32 UTC] PHP Notice:  Trying to access array offset on value of type bool in E:\xampp\htdocs\cias\wp-content\themes\woodmart\inc\builder\elements\Categories.php on line 40
[06-Jul-2020 15:55:32 UTC] PHP Notice:  Trying to access array offset on value of type bool in E:\xampp\htdocs\cias\wp-content\themes\woodmart\inc\builder\elements\HTMLBlock.php on line 40
[06-Jul-2020 15:55:32 UTC] PHP Notice:  Trying to access array offset on value of type bool in E:\xampp\htdocs\cias\wp-content\themes\woodmart\inc\builder\elements\Menu.php on line 40
[06-Jul-2020 15:55:32 UTC] PHP Notice:  Trying to access array offset on value of type bool in E:\xampp\htdocs\cias\wp-content\themes\woodmart\inc\builder\elements\Burger.php on line 122
[06-Jul-2020 15:55:32 UTC] PHP Notice:  Trying to access array offset on value of type bool in E:\xampp\htdocs\cias\wp-content\themes\woodmart\inc\builder\elements\Categories.php on line 40
[06-Jul-2020 15:55:32 UTC] PHP Notice:  Trying to access array offset on value of type bool in E:\xampp\htdocs\cias\wp-content\themes\woodmart\inc\builder\elements\HTMLBlock.php on line 40
[06-Jul-2020 15:57:33 UTC] PHP Notice:  Trying to access array offset on value of type bool in E:\xampp\htdocs\cias\wp-content\themes\woodmart\inc\builder\elements\Menu.php on line 40
[06-Jul-2020 15:57:33 UTC] PHP Notice:  Trying to access array offset on value of type bool in E:\xampp\htdocs\cias\wp-content\themes\woodmart\inc\builder\elements\Burger.php on line 122
[06-Jul-2020 15:57:33 UTC] PHP Notice:  Trying to access array offset on value of type bool in E:\xampp\htdocs\cias\wp-content\themes\woodmart\inc\builder\elements\Categories.php on line 40
[06-Jul-2020 15:57:33 UTC] PHP Notice:  Trying to access array offset on value of type bool in E:\xampp\htdocs\cias\wp-content\themes\woodmart\inc\builder\elements\HTMLBlock.php on line 40
[06-Jul-2020 15:57:33 UTC] PHP Notice:  Trying to access array offset on value of type bool in E:\xampp\htdocs\cias\wp-content\themes\woodmart\inc\builder\elements\Menu.php on line 40
[06-Jul-2020 15:57:33 UTC] PHP Notice:  Trying to access array offset on value of type bool in E:\xampp\htdocs\cias\wp-content\themes\woodmart\inc\builder\elements\Burger.php on line 122
[06-Jul-2020 15:57:33 UTC] PHP Notice:  Trying to access array offset on value of type bool in E:\xampp\htdocs\cias\wp-content\themes\woodmart\inc\builder\elements\Categories.php on line 40
[06-Jul-2020 15:57:33 UTC] PHP Notice:  Trying to access array offset on value of type bool in E:\xampp\htdocs\cias\wp-content\themes\woodmart\inc\builder\elements\HTMLBlock.php on line 40
[06-Jul-2020 15:59:34 UTC] PHP Notice:  Trying to access array offset on value of type bool in E:\xampp\htdocs\cias\wp-content\themes\woodmart\inc\builder\elements\Menu.php on line 40
[06-Jul-2020 15:59:34 UTC] PHP Notice:  Trying to access array offset on value of type bool in E:\xampp\htdocs\cias\wp-content\themes\woodmart\inc\builder\elements\Burger.php on line 122
[06-Jul-2020 15:59:34 UTC] PHP Notice:  Trying to access array offset on value of type bool in E:\xampp\htdocs\cias\wp-content\themes\woodmart\inc\builder\elements\Categories.php on line 40
[06-Jul-2020 15:59:34 UTC] PHP Notice:  Trying to access array offset on value of type bool in E:\xampp\htdocs\cias\wp-content\themes\woodmart\inc\builder\elements\HTMLBlock.php on line 40
[06-Jul-2020 15:59:34 UTC] PHP Notice:  Trying to access array offset on value of type bool in E:\xampp\htdocs\cias\wp-content\themes\woodmart\inc\builder\elements\Menu.php on line 40
[06-Jul-2020 15:59:34 UTC] PHP Notice:  Trying to access array offset on value of type bool in E:\xampp\htdocs\cias\wp-content\themes\woodmart\inc\builder\elements\Burger.php on line 122
[06-Jul-2020 15:59:34 UTC] PHP Notice:  Trying to access array offset on value of type bool in E:\xampp\htdocs\cias\wp-content\themes\woodmart\inc\builder\elements\Categories.php on line 40
[06-Jul-2020 15:59:34 UTC] PHP Notice:  Trying to access array offset on value of type bool in E:\xampp\htdocs\cias\wp-content\themes\woodmart\inc\builder\elements\HTMLBlock.php on line 40
[06-Jul-2020 16:01:35 UTC] PHP Notice:  Trying to access array offset on value of type bool in E:\xampp\htdocs\cias\wp-content\themes\woodmart\inc\builder\elements\Menu.php on line 40
[06-Jul-2020 16:01:35 UTC] PHP Notice:  Trying to access array offset on value of type bool in E:\xampp\htdocs\cias\wp-content\themes\woodmart\inc\builder\elements\Burger.php on line 122
[06-Jul-2020 16:01:35 UTC] PHP Notice:  Trying to access array offset on value of type bool in E:\xampp\htdocs\cias\wp-content\themes\woodmart\inc\builder\elements\Categories.php on line 40
[06-Jul-2020 16:01:35 UTC] PHP Notice:  Trying to access array offset on value of type bool in E:\xampp\htdocs\cias\wp-content\themes\woodmart\inc\builder\elements\HTMLBlock.php on line 40
[06-Jul-2020 16:01:35 UTC] PHP Notice:  Trying to access array offset on value of type bool in E:\xampp\htdocs\cias\wp-content\themes\woodmart\inc\builder\elements\Menu.php on line 40
[06-Jul-2020 16:01:35 UTC] PHP Notice:  Trying to access array offset on value of type bool in E:\xampp\htdocs\cias\wp-content\themes\woodmart\inc\builder\elements\Burger.php on line 122
[06-Jul-2020 16:01:35 UTC] PHP Notice:  Trying to access array offset on value of type bool in E:\xampp\htdocs\cias\wp-content\themes\woodmart\inc\builder\elements\Categories.php on line 40
[06-Jul-2020 16:01:35 UTC] PHP Notice:  Trying to access array offset on value of type bool in E:\xampp\htdocs\cias\wp-content\themes\woodmart\inc\builder\elements\HTMLBlock.php on line 40
[06-Jul-2020 16:02:37 UTC] PHP Notice:  Trying to access array offset on value of type bool in E:\xampp\htdocs\cias\wp-content\themes\woodmart\inc\builder\elements\Menu.php on line 40
[06-Jul-2020 16:02:37 UTC] PHP Notice:  Trying to access array offset on value of type bool in E:\xampp\htdocs\cias\wp-content\themes\woodmart\inc\builder\elements\Burger.php on line 122
[06-Jul-2020 16:02:37 UTC] PHP Notice:  Trying to access array offset on value of type bool in E:\xampp\htdocs\cias\wp-content\themes\woodmart\inc\builder\elements\Categories.php on line 40
[06-Jul-2020 16:02:37 UTC] PHP Notice:  Trying to access array offset on value of type bool in E:\xampp\htdocs\cias\wp-content\themes\woodmart\inc\builder\elements\HTMLBlock.php on line 40
[06-Jul-2020 16:02:37 UTC] PHP Notice:  Trying to access array offset on value of type bool in E:\xampp\htdocs\cias\wp-content\themes\woodmart\inc\builder\elements\Menu.php on line 40
[06-Jul-2020 16:02:37 UTC] PHP Notice:  Trying to access array offset on value of type bool in E:\xampp\htdocs\cias\wp-content\themes\woodmart\inc\builder\elements\Burger.php on line 122
[06-Jul-2020 16:02:37 UTC] PHP Notice:  Trying to access array offset on value of type bool in E:\xampp\htdocs\cias\wp-content\themes\woodmart\inc\builder\elements\Categories.php on line 40
[06-Jul-2020 16:02:37 UTC] PHP Notice:  Trying to access array offset on value of type bool in E:\xampp\htdocs\cias\wp-content\themes\woodmart\inc\builder\elements\HTMLBlock.php on line 40
[06-Jul-2020 16:02:47 UTC] PHP Notice:  Trying to access array offset on value of type bool in E:\xampp\htdocs\cias\wp-content\themes\woodmart\inc\builder\elements\Menu.php on line 40
[06-Jul-2020 16:02:47 UTC] PHP Notice:  Trying to access array offset on value of type bool in E:\xampp\htdocs\cias\wp-content\themes\woodmart\inc\builder\elements\Burger.php on line 122
[06-Jul-2020 16:02:47 UTC] PHP Notice:  Trying to access array offset on value of type bool in E:\xampp\htdocs\cias\wp-content\themes\woodmart\inc\builder\elements\Categories.php on line 40
[06-Jul-2020 16:02:47 UTC] PHP Notice:  Trying to access array offset on value of type bool in E:\xampp\htdocs\cias\wp-content\themes\woodmart\inc\builder\elements\HTMLBlock.php on line 40
[06-Jul-2020 16:03:08 UTC] PHP Notice:  Trying to access array offset on value of type bool in E:\xampp\htdocs\cias\wp-content\themes\woodmart\inc\builder\elements\Menu.php on line 40
[06-Jul-2020 16:03:08 UTC] PHP Notice:  Trying to access array offset on value of type bool in E:\xampp\htdocs\cias\wp-content\themes\woodmart\inc\builder\elements\Burger.php on line 122
[06-Jul-2020 16:03:08 UTC] PHP Notice:  Trying to access array offset on value of type bool in E:\xampp\htdocs\cias\wp-content\themes\woodmart\inc\builder\elements\Categories.php on line 40
[06-Jul-2020 16:03:08 UTC] PHP Notice:  Trying to access array offset on value of type bool in E:\xampp\htdocs\cias\wp-content\themes\woodmart\inc\builder\elements\HTMLBlock.php on line 40
[06-Jul-2020 16:03:09 UTC] PHP Notice:  Trying to access array offset on value of type bool in E:\xampp\htdocs\cias\wp-content\themes\woodmart\inc\builder\elements\Menu.php on line 40
[06-Jul-2020 16:03:09 UTC] PHP Notice:  Trying to access array offset on value of type bool in E:\xampp\htdocs\cias\wp-content\themes\woodmart\inc\builder\elements\Burger.php on line 122
[06-Jul-2020 16:03:09 UTC] PHP Notice:  Trying to access array offset on value of type bool in E:\xampp\htdocs\cias\wp-content\themes\woodmart\inc\builder\elements\Categories.php on line 40
[06-Jul-2020 16:03:09 UTC] PHP Notice:  Trying to access array offset on value of type bool in E:\xampp\htdocs\cias\wp-content\themes\woodmart\inc\builder\elements\HTMLBlock.php on line 40
[06-Jul-2020 16:03:10 UTC] PHP Notice:  Trying to access array offset on value of type bool in E:\xampp\htdocs\cias\wp-content\themes\woodmart\inc\builder\elements\Menu.php on line 40
[06-Jul-2020 16:03:10 UTC] PHP Notice:  Trying to access array offset on value of type bool in E:\xampp\htdocs\cias\wp-content\themes\woodmart\inc\builder\elements\Burger.php on line 122
[06-Jul-2020 16:03:10 UTC] PHP Notice:  Trying to access array offset on value of type bool in E:\xampp\htdocs\cias\wp-content\themes\woodmart\inc\builder\elements\Categories.php on line 40
[06-Jul-2020 16:03:10 UTC] PHP Notice:  Trying to access array offset on value of type bool in E:\xampp\htdocs\cias\wp-content\themes\woodmart\inc\builder\elements\HTMLBlock.php on line 40
[06-Jul-2020 16:03:16 UTC] PHP Notice:  Trying to access array offset on value of type bool in E:\xampp\htdocs\cias\wp-content\themes\woodmart\inc\builder\elements\Menu.php on line 40
[06-Jul-2020 16:03:16 UTC] PHP Notice:  Trying to access array offset on value of type bool in E:\xampp\htdocs\cias\wp-content\themes\woodmart\inc\builder\elements\Burger.php on line 122
[06-Jul-2020 16:03:16 UTC] PHP Notice:  Trying to access array offset on value of type bool in E:\xampp\htdocs\cias\wp-content\themes\woodmart\inc\builder\elements\Categories.php on line 40
[06-Jul-2020 16:03:16 UTC] PHP Notice:  Trying to access array offset on value of type bool in E:\xampp\htdocs\cias\wp-content\themes\woodmart\inc\builder\elements\HTMLBlock.php on line 40
[06-Jul-2020 16:03:16 UTC] PHP Notice:  Trying to access array offset on value of type bool in E:\xampp\htdocs\cias\wp-content\themes\woodmart\inc\builder\elements\Menu.php on line 40
[06-Jul-2020 16:03:16 UTC] PHP Notice:  Trying to access array offset on value of type bool in E:\xampp\htdocs\cias\wp-content\themes\woodmart\inc\builder\elements\Burger.php on line 122
[06-Jul-2020 16:03:16 UTC] PHP Notice:  Trying to access array offset on value of type bool in E:\xampp\htdocs\cias\wp-content\themes\woodmart\inc\builder\elements\Categories.php on line 40
[06-Jul-2020 16:03:16 UTC] PHP Notice:  Trying to access array offset on value of type bool in E:\xampp\htdocs\cias\wp-content\themes\woodmart\inc\builder\elements\HTMLBlock.php on line 40
[06-Jul-2020 16:03:18 UTC] PHP Notice:  Trying to access array offset on value of type bool in E:\xampp\htdocs\cias\wp-content\themes\woodmart\inc\builder\elements\Menu.php on line 40
[06-Jul-2020 16:03:19 UTC] PHP Notice:  Trying to access array offset on value of type bool in E:\xampp\htdocs\cias\wp-content\themes\woodmart\inc\builder\elements\Burger.php on line 122
[06-Jul-2020 16:03:19 UTC] PHP Notice:  Trying to access array offset on value of type bool in E:\xampp\htdocs\cias\wp-content\themes\woodmart\inc\builder\elements\Categories.php on line 40
[06-Jul-2020 16:03:19 UTC] PHP Notice:  Trying to access array offset on value of type bool in E:\xampp\htdocs\cias\wp-content\themes\woodmart\inc\builder\elements\HTMLBlock.php on line 40
[06-Jul-2020 16:03:22 UTC] PHP Notice:  Trying to access array offset on value of type bool in E:\xampp\htdocs\cias\wp-content\themes\woodmart\inc\builder\elements\Menu.php on line 40
[06-Jul-2020 16:03:22 UTC] PHP Notice:  Trying to access array offset on value of type bool in E:\xampp\htdocs\cias\wp-content\themes\woodmart\inc\builder\elements\Burger.php on line 122
[06-Jul-2020 16:03:22 UTC] PHP Notice:  Trying to access array offset on value of type bool in E:\xampp\htdocs\cias\wp-content\themes\woodmart\inc\builder\elements\Categories.php on line 40
[06-Jul-2020 16:03:22 UTC] PHP Notice:  Trying to access array offset on value of type bool in E:\xampp\htdocs\cias\wp-content\themes\woodmart\inc\builder\elements\HTMLBlock.php on line 40
[06-Jul-2020 16:04:25 UTC] PHP Notice:  Trying to access array offset on value of type bool in E:\xampp\htdocs\cias\wp-content\themes\woodmart\inc\builder\elements\Menu.php on line 40
[06-Jul-2020 16:04:25 UTC] PHP Notice:  Trying to access array offset on value of type bool in E:\xampp\htdocs\cias\wp-content\themes\woodmart\inc\builder\elements\Burger.php on line 122
[06-Jul-2020 16:04:25 UTC] PHP Notice:  Trying to access array offset on value of type bool in E:\xampp\htdocs\cias\wp-content\themes\woodmart\inc\builder\elements\Categories.php on line 40
[06-Jul-2020 16:04:25 UTC] PHP Notice:  Trying to access array offset on value of type bool in E:\xampp\htdocs\cias\wp-content\themes\woodmart\inc\builder\elements\HTMLBlock.php on line 40
[06-Jul-2020 16:04:30 UTC] PHP Notice:  Trying to access array offset on value of type bool in E:\xampp\htdocs\cias\wp-content\themes\woodmart\inc\builder\elements\Menu.php on line 40
[06-Jul-2020 16:04:30 UTC] PHP Notice:  Trying to access array offset on value of type bool in E:\xampp\htdocs\cias\wp-content\themes\woodmart\inc\builder\elements\Burger.php on line 122
[06-Jul-2020 16:04:30 UTC] PHP Notice:  Trying to access array offset on value of type bool in E:\xampp\htdocs\cias\wp-content\themes\woodmart\inc\builder\elements\Categories.php on line 40
[06-Jul-2020 16:04:30 UTC] PHP Notice:  Trying to access array offset on value of type bool in E:\xampp\htdocs\cias\wp-content\themes\woodmart\inc\builder\elements\HTMLBlock.php on line 40
[06-Jul-2020 16:04:46 UTC] PHP Notice:  Trying to access array offset on value of type bool in E:\xampp\htdocs\cias\wp-content\themes\woodmart\inc\builder\elements\Menu.php on line 40
[06-Jul-2020 16:04:46 UTC] PHP Notice:  Trying to access array offset on value of type bool in E:\xampp\htdocs\cias\wp-content\themes\woodmart\inc\builder\elements\Burger.php on line 122
[06-Jul-2020 16:04:46 UTC] PHP Notice:  Trying to access array offset on value of type bool in E:\xampp\htdocs\cias\wp-content\themes\woodmart\inc\builder\elements\Categories.php on line 40
[06-Jul-2020 16:04:46 UTC] PHP Notice:  Trying to access array offset on value of type bool in E:\xampp\htdocs\cias\wp-content\themes\woodmart\inc\builder\elements\HTMLBlock.php on line 40
[06-Jul-2020 16:04:47 UTC] PHP Notice:  Trying to access array offset on value of type bool in E:\xampp\htdocs\cias\wp-content\themes\woodmart\inc\builder\elements\Menu.php on line 40
[06-Jul-2020 16:04:47 UTC] PHP Notice:  Trying to access array offset on value of type bool in E:\xampp\htdocs\cias\wp-content\themes\woodmart\inc\builder\elements\Burger.php on line 122
[06-Jul-2020 16:04:47 UTC] PHP Notice:  Trying to access array offset on value of type bool in E:\xampp\htdocs\cias\wp-content\themes\woodmart\inc\builder\elements\Categories.php on line 40
[06-Jul-2020 16:04:47 UTC] PHP Notice:  Trying to access array offset on value of type bool in E:\xampp\htdocs\cias\wp-content\themes\woodmart\inc\builder\elements\HTMLBlock.php on line 40
[06-Jul-2020 16:05:04 UTC] PHP Notice:  Trying to access array offset on value of type bool in E:\xampp\htdocs\cias\wp-content\themes\woodmart\inc\builder\elements\Menu.php on line 40
[06-Jul-2020 16:05:04 UTC] PHP Notice:  Trying to access array offset on value of type bool in E:\xampp\htdocs\cias\wp-content\themes\woodmart\inc\builder\elements\Burger.php on line 122
[06-Jul-2020 16:05:04 UTC] PHP Notice:  Trying to access array offset on value of type bool in E:\xampp\htdocs\cias\wp-content\themes\woodmart\inc\builder\elements\Categories.php on line 40
[06-Jul-2020 16:05:04 UTC] PHP Notice:  Trying to access array offset on value of type bool in E:\xampp\htdocs\cias\wp-content\themes\woodmart\inc\builder\elements\HTMLBlock.php on line 40
[06-Jul-2020 16:05:04 UTC] PHP Notice:  Trying to access array offset on value of type bool in E:\xampp\htdocs\cias\wp-content\themes\woodmart\inc\builder\elements\Menu.php on line 40
[06-Jul-2020 16:05:04 UTC] PHP Notice:  Trying to access array offset on value of type bool in E:\xampp\htdocs\cias\wp-content\themes\woodmart\inc\builder\elements\Burger.php on line 122
[06-Jul-2020 16:05:04 UTC] PHP Notice:  Trying to access array offset on value of type bool in E:\xampp\htdocs\cias\wp-content\themes\woodmart\inc\builder\elements\Categories.php on line 40
[06-Jul-2020 16:05:04 UTC] PHP Notice:  Trying to access array offset on value of type bool in E:\xampp\htdocs\cias\wp-content\themes\woodmart\inc\builder\elements\HTMLBlock.php on line 40
[06-Jul-2020 16:05:05 UTC] PHP Notice:  Trying to access array offset on value of type bool in E:\xampp\htdocs\cias\wp-content\themes\woodmart\inc\builder\elements\Menu.php on line 40
[06-Jul-2020 16:05:05 UTC] PHP Notice:  Trying to access array offset on value of type bool in E:\xampp\htdocs\cias\wp-content\themes\woodmart\inc\builder\elements\Burger.php on line 122
[06-Jul-2020 16:05:05 UTC] PHP Notice:  Trying to access array offset on value of type bool in E:\xampp\htdocs\cias\wp-content\themes\woodmart\inc\builder\elements\Categories.php on line 40
[06-Jul-2020 16:05:05 UTC] PHP Notice:  Trying to access array offset on value of type bool in E:\xampp\htdocs\cias\wp-content\themes\woodmart\inc\builder\elements\HTMLBlock.php on line 40
[06-Jul-2020 16:05:08 UTC] PHP Notice:  Trying to access array offset on value of type bool in E:\xampp\htdocs\cias\wp-content\themes\woodmart\inc\builder\elements\Menu.php on line 40
[06-Jul-2020 16:05:08 UTC] PHP Notice:  Trying to access array offset on value of type bool in E:\xampp\htdocs\cias\wp-content\themes\woodmart\inc\builder\elements\Burger.php on line 122
[06-Jul-2020 16:05:08 UTC] PHP Notice:  Trying to access array offset on value of type bool in E:\xampp\htdocs\cias\wp-content\themes\woodmart\inc\builder\elements\Categories.php on line 40
[06-Jul-2020 16:05:08 UTC] PHP Notice:  Trying to access array offset on value of type bool in E:\xampp\htdocs\cias\wp-content\themes\woodmart\inc\builder\elements\HTMLBlock.php on line 40
[06-Jul-2020 16:05:09 UTC] PHP Notice:  Trying to access array offset on value of type bool in E:\xampp\htdocs\cias\wp-content\themes\woodmart\inc\builder\elements\Menu.php on line 40
[06-Jul-2020 16:05:09 UTC] PHP Notice:  Trying to access array offset on value of type bool in E:\xampp\htdocs\cias\wp-content\themes\woodmart\inc\builder\elements\Burger.php on line 122
[06-Jul-2020 16:05:09 UTC] PHP Notice:  Trying to access array offset on value of type bool in E:\xampp\htdocs\cias\wp-content\themes\woodmart\inc\builder\elements\Categories.php on line 40
[06-Jul-2020 16:05:09 UTC] PHP Notice:  Trying to access array offset on value of type bool in E:\xampp\htdocs\cias\wp-content\themes\woodmart\inc\builder\elements\HTMLBlock.php on line 40
[06-Jul-2020 16:05:29 UTC] PHP Notice:  Trying to access array offset on value of type bool in E:\xampp\htdocs\cias\wp-content\themes\woodmart\inc\builder\elements\Menu.php on line 40
[06-Jul-2020 16:05:29 UTC] PHP Notice:  Trying to access array offset on value of type bool in E:\xampp\htdocs\cias\wp-content\themes\woodmart\inc\builder\elements\Burger.php on line 122
[06-Jul-2020 16:05:29 UTC] PHP Notice:  Trying to access array offset on value of type bool in E:\xampp\htdocs\cias\wp-content\themes\woodmart\inc\builder\elements\Categories.php on line 40
[06-Jul-2020 16:05:29 UTC] PHP Notice:  Trying to access array offset on value of type bool in E:\xampp\htdocs\cias\wp-content\themes\woodmart\inc\builder\elements\HTMLBlock.php on line 40
[06-Jul-2020 16:05:29 UTC] PHP Notice:  Trying to access array offset on value of type bool in E:\xampp\htdocs\cias\wp-content\themes\woodmart\inc\builder\elements\Menu.php on line 40
[06-Jul-2020 16:05:29 UTC] PHP Notice:  Trying to access array offset on value of type bool in E:\xampp\htdocs\cias\wp-content\themes\woodmart\inc\builder\elements\Burger.php on line 122
[06-Jul-2020 16:05:29 UTC] PHP Notice:  Trying to access array offset on value of type bool in E:\xampp\htdocs\cias\wp-content\themes\woodmart\inc\builder\elements\Categories.php on line 40
[06-Jul-2020 16:05:29 UTC] PHP Notice:  Trying to access array offset on value of type bool in E:\xampp\htdocs\cias\wp-content\themes\woodmart\inc\builder\elements\HTMLBlock.php on line 40
[06-Jul-2020 16:05:32 UTC] PHP Notice:  Trying to access array offset on value of type bool in E:\xampp\htdocs\cias\wp-content\themes\woodmart\inc\builder\elements\Menu.php on line 40
[06-Jul-2020 16:05:32 UTC] PHP Notice:  Trying to access array offset on value of type bool in E:\xampp\htdocs\cias\wp-content\themes\woodmart\inc\builder\elements\Burger.php on line 122
[06-Jul-2020 16:05:32 UTC] PHP Notice:  Trying to access array offset on value of type bool in E:\xampp\htdocs\cias\wp-content\themes\woodmart\inc\builder\elements\Categories.php on line 40
[06-Jul-2020 16:05:32 UTC] PHP Notice:  Trying to access array offset on value of type bool in E:\xampp\htdocs\cias\wp-content\themes\woodmart\inc\builder\elements\HTMLBlock.php on line 40
[06-Jul-2020 16:05:42 UTC] PHP Notice:  Trying to access array offset on value of type bool in E:\xampp\htdocs\cias\wp-content\themes\woodmart\inc\builder\elements\Menu.php on line 40
[06-Jul-2020 16:05:42 UTC] PHP Notice:  Trying to access array offset on value of type bool in E:\xampp\htdocs\cias\wp-content\themes\woodmart\inc\builder\elements\Burger.php on line 122
[06-Jul-2020 16:05:42 UTC] PHP Notice:  Trying to access array offset on value of type bool in E:\xampp\htdocs\cias\wp-content\themes\woodmart\inc\builder\elements\Categories.php on line 40
[06-Jul-2020 16:05:42 UTC] PHP Notice:  Trying to access array offset on value of type bool in E:\xampp\htdocs\cias\wp-content\themes\woodmart\inc\builder\elements\HTMLBlock.php on line 40
[06-Jul-2020 16:05:43 UTC] PHP Notice:  Trying to access array offset on value of type bool in E:\xampp\htdocs\cias\wp-content\themes\woodmart\inc\builder\elements\Menu.php on line 40
[06-Jul-2020 16:05:43 UTC] PHP Notice:  Trying to access array offset on value of type bool in E:\xampp\htdocs\cias\wp-content\themes\woodmart\inc\builder\elements\Burger.php on line 122
[06-Jul-2020 16:05:43 UTC] PHP Notice:  Trying to access array offset on value of type bool in E:\xampp\htdocs\cias\wp-content\themes\woodmart\inc\builder\elements\Categories.php on line 40
[06-Jul-2020 16:05:43 UTC] PHP Notice:  Trying to access array offset on value of type bool in E:\xampp\htdocs\cias\wp-content\themes\woodmart\inc\builder\elements\HTMLBlock.php on line 40
[06-Jul-2020 16:05:45 UTC] PHP Notice:  Trying to access array offset on value of type bool in E:\xampp\htdocs\cias\wp-content\themes\woodmart\inc\builder\elements\Menu.php on line 40
[06-Jul-2020 16:05:45 UTC] PHP Notice:  Trying to access array offset on value of type bool in E:\xampp\htdocs\cias\wp-content\themes\woodmart\inc\builder\elements\Burger.php on line 122
[06-Jul-2020 16:05:45 UTC] PHP Notice:  Trying to access array offset on value of type bool in E:\xampp\htdocs\cias\wp-content\themes\woodmart\inc\builder\elements\Categories.php on line 40
[06-Jul-2020 16:05:45 UTC] PHP Notice:  Trying to access array offset on value of type bool in E:\xampp\htdocs\cias\wp-content\themes\woodmart\inc\builder\elements\HTMLBlock.php on line 40
[06-Jul-2020 16:05:47 UTC] PHP Notice:  Trying to access array offset on value of type bool in E:\xampp\htdocs\cias\wp-content\themes\woodmart\inc\builder\elements\Menu.php on line 40
[06-Jul-2020 16:05:47 UTC] PHP Notice:  Trying to access array offset on value of type bool in E:\xampp\htdocs\cias\wp-content\themes\woodmart\inc\builder\elements\Burger.php on line 122
[06-Jul-2020 16:05:47 UTC] PHP Notice:  Trying to access array offset on value of type bool in E:\xampp\htdocs\cias\wp-content\themes\woodmart\inc\builder\elements\Categories.php on line 40
[06-Jul-2020 16:05:47 UTC] PHP Notice:  Trying to access array offset on value of type bool in E:\xampp\htdocs\cias\wp-content\themes\woodmart\inc\builder\elements\HTMLBlock.php on line 40
[06-Jul-2020 16:06:02 UTC] PHP Notice:  Trying to access array offset on value of type bool in E:\xampp\htdocs\cias\wp-content\themes\woodmart\inc\builder\elements\Menu.php on line 40
[06-Jul-2020 16:06:02 UTC] PHP Notice:  Trying to access array offset on value of type bool in E:\xampp\htdocs\cias\wp-content\themes\woodmart\inc\builder\elements\Burger.php on line 122
[06-Jul-2020 16:06:02 UTC] PHP Notice:  Trying to access array offset on value of type bool in E:\xampp\htdocs\cias\wp-content\themes\woodmart\inc\builder\elements\Categories.php on line 40
[06-Jul-2020 16:06:02 UTC] PHP Notice:  Trying to access array offset on value of type bool in E:\xampp\htdocs\cias\wp-content\themes\woodmart\inc\builder\elements\HTMLBlock.php on line 40
[06-Jul-2020 16:06:04 UTC] PHP Notice:  Trying to access array offset on value of type bool in E:\xampp\htdocs\cias\wp-content\themes\woodmart\inc\builder\elements\Menu.php on line 40
[06-Jul-2020 16:06:04 UTC] PHP Notice:  Trying to access array offset on value of type bool in E:\xampp\htdocs\cias\wp-content\themes\woodmart\inc\builder\elements\Menu.php on line 40
[06-Jul-2020 16:06:04 UTC] PHP Notice:  Trying to access array offset on value of type bool in E:\xampp\htdocs\cias\wp-content\themes\woodmart\inc\builder\elements\Burger.php on line 122
[06-Jul-2020 16:06:04 UTC] PHP Notice:  Trying to access array offset on value of type bool in E:\xampp\htdocs\cias\wp-content\themes\woodmart\inc\builder\elements\Burger.php on line 122
[06-Jul-2020 16:06:04 UTC] PHP Notice:  Trying to access array offset on value of type bool in E:\xampp\htdocs\cias\wp-content\themes\woodmart\inc\builder\elements\Categories.php on line 40
[06-Jul-2020 16:06:04 UTC] PHP Notice:  Trying to access array offset on value of type bool in E:\xampp\htdocs\cias\wp-content\themes\woodmart\inc\builder\elements\Categories.php on line 40
[06-Jul-2020 16:06:04 UTC] PHP Notice:  Trying to access array offset on value of type bool in E:\xampp\htdocs\cias\wp-content\themes\woodmart\inc\builder\elements\HTMLBlock.php on line 40
[06-Jul-2020 16:06:04 UTC] PHP Notice:  Trying to access array offset on value of type bool in E:\xampp\htdocs\cias\wp-content\themes\woodmart\inc\builder\elements\HTMLBlock.php on line 40
[06-Jul-2020 16:06:04 UTC] PHP Notice:  Trying to access array offset on value of type bool in E:\xampp\htdocs\cias\wp-content\themes\woodmart\inc\builder\elements\Menu.php on line 40
[06-Jul-2020 16:06:04 UTC] PHP Notice:  Trying to access array offset on value of type bool in E:\xampp\htdocs\cias\wp-content\themes\woodmart\inc\builder\elements\Burger.php on line 122
[06-Jul-2020 16:06:04 UTC] PHP Notice:  Trying to access array offset on value of type bool in E:\xampp\htdocs\cias\wp-content\themes\woodmart\inc\builder\elements\Categories.php on line 40
[06-Jul-2020 16:06:04 UTC] PHP Notice:  Trying to access array offset on value of type bool in E:\xampp\htdocs\cias\wp-content\themes\woodmart\inc\builder\elements\HTMLBlock.php on line 40
[06-Jul-2020 16:06:19 UTC] PHP Notice:  Trying to access array offset on value of type bool in E:\xampp\htdocs\cias\wp-content\themes\woodmart\inc\builder\elements\Menu.php on line 40
[06-Jul-2020 16:06:19 UTC] PHP Notice:  Trying to access array offset on value of type bool in E:\xampp\htdocs\cias\wp-content\themes\woodmart\inc\builder\elements\Burger.php on line 122
[06-Jul-2020 16:06:19 UTC] PHP Notice:  Trying to access array offset on value of type bool in E:\xampp\htdocs\cias\wp-content\themes\woodmart\inc\builder\elements\Categories.php on line 40
[06-Jul-2020 16:06:19 UTC] PHP Notice:  Trying to access array offset on value of type bool in E:\xampp\htdocs\cias\wp-content\themes\woodmart\inc\builder\elements\HTMLBlock.php on line 40
[06-Jul-2020 16:06:19 UTC] PHP Notice:  Trying to access array offset on value of type bool in E:\xampp\htdocs\cias\wp-content\themes\woodmart\inc\builder\elements\Menu.php on line 40
[06-Jul-2020 16:06:19 UTC] PHP Notice:  Trying to access array offset on value of type bool in E:\xampp\htdocs\cias\wp-content\themes\woodmart\inc\builder\elements\Burger.php on line 122
[06-Jul-2020 16:06:19 UTC] PHP Notice:  Trying to access array offset on value of type bool in E:\xampp\htdocs\cias\wp-content\themes\woodmart\inc\builder\elements\Categories.php on line 40
[06-Jul-2020 16:06:19 UTC] PHP Notice:  Trying to access array offset on value of type bool in E:\xampp\htdocs\cias\wp-content\themes\woodmart\inc\builder\elements\HTMLBlock.php on line 40
[06-Jul-2020 16:06:24 UTC] PHP Notice:  Trying to access array offset on value of type bool in E:\xampp\htdocs\cias\wp-content\themes\woodmart\inc\builder\elements\Menu.php on line 40
[06-Jul-2020 16:06:24 UTC] PHP Notice:  Trying to access array offset on value of type bool in E:\xampp\htdocs\cias\wp-content\themes\woodmart\inc\builder\elements\Burger.php on line 122
[06-Jul-2020 16:06:24 UTC] PHP Notice:  Trying to access array offset on value of type bool in E:\xampp\htdocs\cias\wp-content\themes\woodmart\inc\builder\elements\Categories.php on line 40
[06-Jul-2020 16:06:24 UTC] PHP Notice:  Trying to access array offset on value of type bool in E:\xampp\htdocs\cias\wp-content\themes\woodmart\inc\builder\elements\HTMLBlock.php on line 40
[06-Jul-2020 16:06:55 UTC] PHP Notice:  Trying to access array offset on value of type bool in E:\xampp\htdocs\cias\wp-content\themes\woodmart\inc\builder\elements\Menu.php on line 40
[06-Jul-2020 16:06:55 UTC] PHP Notice:  Trying to access array offset on value of type bool in E:\xampp\htdocs\cias\wp-content\themes\woodmart\inc\builder\elements\Burger.php on line 122
[06-Jul-2020 16:06:55 UTC] PHP Notice:  Trying to access array offset on value of type bool in E:\xampp\htdocs\cias\wp-content\themes\woodmart\inc\builder\elements\Categories.php on line 40
[06-Jul-2020 16:06:55 UTC] PHP Notice:  Trying to access array offset on value of type bool in E:\xampp\htdocs\cias\wp-content\themes\woodmart\inc\builder\elements\HTMLBlock.php on line 40
[06-Jul-2020 16:06:56 UTC] PHP Notice:  Trying to access array offset on value of type bool in E:\xampp\htdocs\cias\wp-content\themes\woodmart\inc\builder\elements\Menu.php on line 40
[06-Jul-2020 16:06:56 UTC] PHP Notice:  Trying to access array offset on value of type bool in E:\xampp\htdocs\cias\wp-content\themes\woodmart\inc\builder\elements\Burger.php on line 122
[06-Jul-2020 16:06:56 UTC] PHP Notice:  Trying to access array offset on value of type bool in E:\xampp\htdocs\cias\wp-content\themes\woodmart\inc\builder\elements\Categories.php on line 40
[06-Jul-2020 16:06:56 UTC] PHP Notice:  Trying to access array offset on value of type bool in E:\xampp\htdocs\cias\wp-content\themes\woodmart\inc\builder\elements\HTMLBlock.php on line 40
[06-Jul-2020 16:07:19 UTC] PHP Notice:  Trying to access array offset on value of type bool in E:\xampp\htdocs\cias\wp-content\themes\woodmart\inc\builder\elements\Menu.php on line 40
[06-Jul-2020 16:07:19 UTC] PHP Notice:  Trying to access array offset on value of type bool in E:\xampp\htdocs\cias\wp-content\themes\woodmart\inc\builder\elements\Burger.php on line 122
[06-Jul-2020 16:07:19 UTC] PHP Notice:  Trying to access array offset on value of type bool in E:\xampp\htdocs\cias\wp-content\themes\woodmart\inc\builder\elements\Categories.php on line 40
[06-Jul-2020 16:07:19 UTC] PHP Notice:  Trying to access array offset on value of type bool in E:\xampp\htdocs\cias\wp-content\themes\woodmart\inc\builder\elements\HTMLBlock.php on line 40
[06-Jul-2020 16:07:20 UTC] PHP Notice:  Trying to access array offset on value of type bool in E:\xampp\htdocs\cias\wp-content\themes\woodmart\inc\builder\elements\Menu.php on line 40
[06-Jul-2020 16:07:20 UTC] PHP Notice:  Trying to access array offset on value of type bool in E:\xampp\htdocs\cias\wp-content\themes\woodmart\inc\builder\elements\Burger.php on line 122
[06-Jul-2020 16:07:20 UTC] PHP Notice:  Trying to access array offset on value of type bool in E:\xampp\htdocs\cias\wp-content\themes\woodmart\inc\builder\elements\Categories.php on line 40
[06-Jul-2020 16:07:20 UTC] PHP Notice:  Trying to access array offset on value of type bool in E:\xampp\htdocs\cias\wp-content\themes\woodmart\inc\builder\elements\HTMLBlock.php on line 40
[06-Jul-2020 16:07:36 UTC] PHP Notice:  Trying to access array offset on value of type bool in E:\xampp\htdocs\cias\wp-content\themes\woodmart\inc\builder\elements\Menu.php on line 40
[06-Jul-2020 16:07:36 UTC] PHP Notice:  Trying to access array offset on value of type bool in E:\xampp\htdocs\cias\wp-content\themes\woodmart\inc\builder\elements\Burger.php on line 122
[06-Jul-2020 16:07:36 UTC] PHP Notice:  Trying to access array offset on value of type bool in E:\xampp\htdocs\cias\wp-content\themes\woodmart\inc\builder\elements\Categories.php on line 40
[06-Jul-2020 16:07:36 UTC] PHP Notice:  Trying to access array offset on value of type bool in E:\xampp\htdocs\cias\wp-content\themes\woodmart\inc\builder\elements\HTMLBlock.php on line 40
[06-Jul-2020 16:07:36 UTC] PHP Notice:  Trying to access array offset on value of type bool in E:\xampp\htdocs\cias\wp-content\themes\woodmart\inc\builder\elements\Menu.php on line 40
[06-Jul-2020 16:07:36 UTC] PHP Notice:  Trying to access array offset on value of type bool in E:\xampp\htdocs\cias\wp-content\themes\woodmart\inc\builder\elements\Burger.php on line 122
[06-Jul-2020 16:07:36 UTC] PHP Notice:  Trying to access array offset on value of type bool in E:\xampp\htdocs\cias\wp-content\themes\woodmart\inc\builder\elements\Categories.php on line 40
[06-Jul-2020 16:07:36 UTC] PHP Notice:  Trying to access array offset on value of type bool in E:\xampp\htdocs\cias\wp-content\themes\woodmart\inc\builder\elements\HTMLBlock.php on line 40
[06-Jul-2020 16:08:23 UTC] PHP Notice:  Trying to access array offset on value of type bool in E:\xampp\htdocs\cias\wp-content\themes\woodmart\inc\builder\elements\Menu.php on line 40
[06-Jul-2020 16:08:23 UTC] PHP Notice:  Trying to access array offset on value of type bool in E:\xampp\htdocs\cias\wp-content\themes\woodmart\inc\builder\elements\Burger.php on line 122
[06-Jul-2020 16:08:23 UTC] PHP Notice:  Trying to access array offset on value of type bool in E:\xampp\htdocs\cias\wp-content\themes\woodmart\inc\builder\elements\Categories.php on line 40
[06-Jul-2020 16:08:23 UTC] PHP Notice:  Trying to access array offset on value of type bool in E:\xampp\htdocs\cias\wp-content\themes\woodmart\inc\builder\elements\HTMLBlock.php on line 40
[06-Jul-2020 16:08:24 UTC] PHP Notice:  Trying to access array offset on value of type bool in E:\xampp\htdocs\cias\wp-content\themes\woodmart\inc\builder\elements\Menu.php on line 40
[06-Jul-2020 16:08:24 UTC] PHP Notice:  Trying to access array offset on value of type bool in E:\xampp\htdocs\cias\wp-content\themes\woodmart\inc\builder\elements\Burger.php on line 122
[06-Jul-2020 16:08:24 UTC] PHP Notice:  Trying to access array offset on value of type bool in E:\xampp\htdocs\cias\wp-content\themes\woodmart\inc\builder\elements\Categories.php on line 40
[06-Jul-2020 16:08:24 UTC] PHP Notice:  Trying to access array offset on value of type bool in E:\xampp\htdocs\cias\wp-content\themes\woodmart\inc\builder\elements\HTMLBlock.php on line 40
