2020-07-20T15:38:48+00:00 CRITICAL Uncaught Error: Call to a member function get_id() on null in E:\xampp\htdocs\cias\wp-content\themes\theretailer-child\functions.php:252
Stack trace:
#0 E:\xampp\htdocs\cias\wp-includes\class-wp-hook.php(287): display_super_sale_price('2000000', Object(WC_Product_Simple))
#1 E:\xampp\htdocs\cias\wp-includes\plugin.php(206): WP_Hook->apply_filters('2000000', Array)
#2 E:\xampp\htdocs\cias\wp-content\plugins\woocommerce\includes\abstracts\abstract-wc-data.php(751): apply_filters('woocommerce_pro...', '2000000', Object(WC_Product_Simple))
#3 E:\xampp\htdocs\cias\wp-content\plugins\woocommerce\includes\abstracts\abstract-wc-product.php(267): WC_Data->get_prop('price', 'view')
#4 E:\xampp\htdocs\cias\wp-content\plugins\woocommerce\includes\abstracts\abstract-wc-product.php(1507): WC_Product->get_price()
#5 E:\xampp\htdocs\cias\wp-content\plugins\woocommerce\includes\class-wc-cart-session.php(131): WC_Product->is_purchasable()
#6 E:\xampp\htdocs\cias\wp-includes\class-wp-hook.php(287): WC_Cart_Session->get_cart_fro in E:\xampp\htdocs\cias\wp-content\themes\theretailer-child\functions.php on line 252

2020-07-20T15:39:23+00:00 CRITICAL Uncaught ArgumentCountError: Too few arguments to function display_super_sale_price(), 2 passed in E:\xampp\htdocs\cias\wp-includes\class-wp-hook.php on line 287 and exactly 3 expected in E:\xampp\htdocs\cias\wp-content\themes\theretailer-child\functions.php:249
Stack trace:
#0 E:\xampp\htdocs\cias\wp-includes\class-wp-hook.php(287): display_super_sale_price('2000000', Object(WC_Product_Simple))
#1 E:\xampp\htdocs\cias\wp-includes\plugin.php(206): WP_Hook->apply_filters('2000000', Array)
#2 E:\xampp\htdocs\cias\wp-content\plugins\woocommerce\includes\abstracts\abstract-wc-data.php(751): apply_filters('woocommerce_pro...', '2000000', Object(WC_Product_Simple))
#3 E:\xampp\htdocs\cias\wp-content\plugins\woocommerce\includes\abstracts\abstract-wc-product.php(267): WC_Data->get_prop('price', 'view')
#4 E:\xampp\htdocs\cias\wp-content\plugins\woocommerce\includes\abstracts\abstract-wc-product.php(1507): WC_Product->get_price()
#5 E:\xampp\htdocs\cias\wp-content\plugins\woocommerce\includes\class-wc-cart-session.ph in E:\xampp\htdocs\cias\wp-content\themes\theretailer-child\functions.php on line 249

2020-07-20T15:39:53+00:00 CRITICAL Uncaught Error: Call to a member function get_id() on null in E:\xampp\htdocs\cias\wp-content\themes\theretailer-child\functions.php:252
Stack trace:
#0 E:\xampp\htdocs\cias\wp-includes\class-wp-hook.php(287): display_super_sale_price('2000000', Object(WC_Product_Simple))
#1 E:\xampp\htdocs\cias\wp-includes\plugin.php(206): WP_Hook->apply_filters('2000000', Array)
#2 E:\xampp\htdocs\cias\wp-content\plugins\woocommerce\includes\abstracts\abstract-wc-data.php(751): apply_filters('woocommerce_pro...', '2000000', Object(WC_Product_Simple))
#3 E:\xampp\htdocs\cias\wp-content\plugins\woocommerce\includes\abstracts\abstract-wc-product.php(267): WC_Data->get_prop('price', 'view')
#4 E:\xampp\htdocs\cias\wp-content\plugins\woocommerce\includes\abstracts\abstract-wc-product.php(1507): WC_Product->get_price()
#5 E:\xampp\htdocs\cias\wp-content\plugins\woocommerce\includes\class-wc-cart-session.php(131): WC_Product->is_purchasable()
#6 E:\xampp\htdocs\cias\wp-includes\class-wp-hook.php(287): WC_Cart_Session->get_cart_fro in E:\xampp\htdocs\cias\wp-content\themes\theretailer-child\functions.php on line 252

2020-07-20T15:40:54+00:00 CRITICAL Uncaught Error: Call to a member function get_id() on null in E:\xampp\htdocs\cias\wp-content\themes\theretailer-child\functions.php:253
Stack trace:
#0 E:\xampp\htdocs\cias\wp-includes\class-wp-hook.php(287): woocommerce_cart_item_custom('2000000', Object(WC_Product_Simple))
#1 E:\xampp\htdocs\cias\wp-includes\plugin.php(206): WP_Hook->apply_filters('2000000', Array)
#2 E:\xampp\htdocs\cias\wp-content\plugins\woocommerce\includes\abstracts\abstract-wc-data.php(751): apply_filters('woocommerce_pro...', '2000000', Object(WC_Product_Simple))
#3 E:\xampp\htdocs\cias\wp-content\plugins\woocommerce\includes\abstracts\abstract-wc-product.php(267): WC_Data->get_prop('price', 'view')
#4 E:\xampp\htdocs\cias\wp-content\plugins\woocommerce\includes\abstracts\abstract-wc-product.php(1507): WC_Product->get_price()
#5 E:\xampp\htdocs\cias\wp-content\plugins\woocommerce\includes\class-wc-cart-session.php(131): WC_Product->is_purchasable()
#6 E:\xampp\htdocs\cias\wp-includes\class-wp-hook.php(287): WC_Cart_Session->get_cart in E:\xampp\htdocs\cias\wp-content\themes\theretailer-child\functions.php on line 253

2020-07-20T15:41:04+00:00 CRITICAL Uncaught Error: Call to a member function get_id() on null in E:\xampp\htdocs\cias\wp-content\themes\theretailer-child\functions.php:253
Stack trace:
#0 E:\xampp\htdocs\cias\wp-includes\class-wp-hook.php(287): woocommerce_cart_item_custom(Object(WC_Product_Simple), Array)
#1 E:\xampp\htdocs\cias\wp-includes\plugin.php(206): WP_Hook->apply_filters(Object(WC_Product_Simple), Array)
#2 E:\xampp\htdocs\cias\wp-content\plugins\woocommerce\templates\checkout\review-order.php(46): apply_filters('woocommerce_car...', Object(WC_Product_Simple), Array)
#3 E:\xampp\htdocs\cias\wp-content\plugins\woocommerce\includes\wc-core-functions.php(344): include('E:\\xampp\\htdocs...')
#4 E:\xampp\htdocs\cias\wp-content\plugins\woocommerce\includes\wc-template-functions.php(2216): wc_get_template('checkout/review...', Array)
#5 E:\xampp\htdocs\cias\wp-includes\class-wp-hook.php(287): woocommerce_order_review('')
#6 E:\xampp\htdocs\cias\wp-includes\class-wp-hook.php(311): WP_Hook->apply_filters('', Array)
#7 E:\xampp\htdocs\cias\wp in E:\xampp\htdocs\cias\wp-content\themes\theretailer-child\functions.php on line 253

2020-07-20T15:41:26+00:00 CRITICAL Uncaught Error: Call to a member function get_id() on null in E:\xampp\htdocs\cias\wp-content\themes\theretailer-child\functions.php:253
Stack trace:
#0 E:\xampp\htdocs\cias\wp-includes\class-wp-hook.php(287): woocommerce_cart_item_custom(Object(WC_Product_Simple), Array)
#1 E:\xampp\htdocs\cias\wp-includes\plugin.php(206): WP_Hook->apply_filters(Object(WC_Product_Simple), Array)
#2 E:\xampp\htdocs\cias\wp-content\plugins\woocommerce\templates\checkout\review-order.php(46): apply_filters('woocommerce_car...', Object(WC_Product_Simple), Array)
#3 E:\xampp\htdocs\cias\wp-content\plugins\woocommerce\includes\wc-core-functions.php(344): include('E:\\xampp\\htdocs...')
#4 E:\xampp\htdocs\cias\wp-content\plugins\woocommerce\includes\wc-template-functions.php(2216): wc_get_template('checkout/review...', Array)
#5 E:\xampp\htdocs\cias\wp-includes\class-wp-hook.php(287): woocommerce_order_review('')
#6 E:\xampp\htdocs\cias\wp-includes\class-wp-hook.php(311): WP_Hook->apply_filters('', Array)
#7 E:\xampp\htdocs\cias\wp in E:\xampp\htdocs\cias\wp-content\themes\theretailer-child\functions.php on line 253

2020-07-20T15:42:11+00:00 CRITICAL Uncaught Error: Call to a member function get_id() on string in E:\xampp\htdocs\cias\wp-content\themes\theretailer-child\functions.php:253
Stack trace:
#0 E:\xampp\htdocs\cias\wp-includes\class-wp-hook.php(287): woocommerce_cart_item_custom('2000000', Object(WC_Product_Simple))
#1 E:\xampp\htdocs\cias\wp-includes\plugin.php(206): WP_Hook->apply_filters('2000000', Array)
#2 E:\xampp\htdocs\cias\wp-content\plugins\woocommerce\includes\abstracts\abstract-wc-data.php(751): apply_filters('woocommerce_pro...', '2000000', Object(WC_Product_Simple))
#3 E:\xampp\htdocs\cias\wp-content\plugins\woocommerce\includes\abstracts\abstract-wc-product.php(267): WC_Data->get_prop('price', 'view')
#4 E:\xampp\htdocs\cias\wp-content\plugins\woocommerce\includes\abstracts\abstract-wc-product.php(1507): WC_Product->get_price()
#5 E:\xampp\htdocs\cias\wp-content\plugins\woocommerce\includes\class-wc-cart-session.php(131): WC_Product->is_purchasable()
#6 E:\xampp\htdocs\cias\wp-includes\class-wp-hook.php(287): WC_Cart_Session->get_ca in E:\xampp\htdocs\cias\wp-content\themes\theretailer-child\functions.php on line 253

2020-07-20T15:42:21+00:00 CRITICAL Uncaught Error: Call to a member function get_id() on string in E:\xampp\htdocs\cias\wp-content\themes\theretailer-child\functions.php:253
Stack trace:
#0 E:\xampp\htdocs\cias\wp-includes\class-wp-hook.php(287): woocommerce_cart_item_custom('2000000', Object(WC_Product_Simple))
#1 E:\xampp\htdocs\cias\wp-includes\plugin.php(206): WP_Hook->apply_filters('2000000', Array)
#2 E:\xampp\htdocs\cias\wp-content\plugins\woocommerce\includes\abstracts\abstract-wc-data.php(751): apply_filters('woocommerce_pro...', '2000000', Object(WC_Product_Simple))
#3 E:\xampp\htdocs\cias\wp-content\plugins\woocommerce\includes\abstracts\abstract-wc-product.php(267): WC_Data->get_prop('price', 'view')
#4 E:\xampp\htdocs\cias\wp-content\plugins\woocommerce\includes\abstracts\abstract-wc-product.php(1507): WC_Product->get_price()
#5 E:\xampp\htdocs\cias\wp-content\plugins\woocommerce\includes\class-wc-cart-session.php(131): WC_Product->is_purchasable()
#6 E:\xampp\htdocs\cias\wp-includes\class-wp-hook.php(287): WC_Cart_Session->get_ca in E:\xampp\htdocs\cias\wp-content\themes\theretailer-child\functions.php on line 253

2020-07-20T15:42:23+00:00 CRITICAL Uncaught Error: Call to a member function get_id() on string in E:\xampp\htdocs\cias\wp-content\themes\theretailer-child\functions.php:253
Stack trace:
#0 E:\xampp\htdocs\cias\wp-includes\class-wp-hook.php(287): woocommerce_cart_item_custom('2000000', Object(WC_Product_Simple))
#1 E:\xampp\htdocs\cias\wp-includes\plugin.php(206): WP_Hook->apply_filters('2000000', Array)
#2 E:\xampp\htdocs\cias\wp-content\plugins\woocommerce\includes\abstracts\abstract-wc-data.php(751): apply_filters('woocommerce_pro...', '2000000', Object(WC_Product_Simple))
#3 E:\xampp\htdocs\cias\wp-content\plugins\woocommerce\includes\abstracts\abstract-wc-product.php(267): WC_Data->get_prop('price', 'view')
#4 E:\xampp\htdocs\cias\wp-content\plugins\woocommerce\includes\abstracts\abstract-wc-product.php(1507): WC_Product->get_price()
#5 E:\xampp\htdocs\cias\wp-content\plugins\woocommerce\includes\class-wc-cart-session.php(131): WC_Product->is_purchasable()
#6 E:\xampp\htdocs\cias\wp-includes\class-wp-hook.php(287): WC_Cart_Session->get_ca in E:\xampp\htdocs\cias\wp-content\themes\theretailer-child\functions.php on line 253

2020-07-20T15:42:23+00:00 CRITICAL Uncaught Error: Call to a member function get_id() on string in E:\xampp\htdocs\cias\wp-content\themes\theretailer-child\functions.php:253
Stack trace:
#0 E:\xampp\htdocs\cias\wp-includes\class-wp-hook.php(287): woocommerce_cart_item_custom('2000000', Object(WC_Product_Simple))
#1 E:\xampp\htdocs\cias\wp-includes\plugin.php(206): WP_Hook->apply_filters('2000000', Array)
#2 E:\xampp\htdocs\cias\wp-content\plugins\woocommerce\includes\abstracts\abstract-wc-data.php(751): apply_filters('woocommerce_pro...', '2000000', Object(WC_Product_Simple))
#3 E:\xampp\htdocs\cias\wp-content\plugins\woocommerce\includes\abstracts\abstract-wc-product.php(267): WC_Data->get_prop('price', 'view')
#4 E:\xampp\htdocs\cias\wp-content\plugins\woocommerce\includes\abstracts\abstract-wc-product.php(1507): WC_Product->get_price()
#5 E:\xampp\htdocs\cias\wp-content\plugins\woocommerce\includes\class-wc-cart-session.php(131): WC_Product->is_purchasable()
#6 E:\xampp\htdocs\cias\wp-includes\class-wp-hook.php(287): WC_Cart_Session->get_ca in E:\xampp\htdocs\cias\wp-content\themes\theretailer-child\functions.php on line 253

2020-07-20T15:42:23+00:00 CRITICAL Uncaught Error: Call to a member function get_id() on string in E:\xampp\htdocs\cias\wp-content\themes\theretailer-child\functions.php:253
Stack trace:
#0 E:\xampp\htdocs\cias\wp-includes\class-wp-hook.php(287): woocommerce_cart_item_custom('2000000', Object(WC_Product_Simple))
#1 E:\xampp\htdocs\cias\wp-includes\plugin.php(206): WP_Hook->apply_filters('2000000', Array)
#2 E:\xampp\htdocs\cias\wp-content\plugins\woocommerce\includes\abstracts\abstract-wc-data.php(751): apply_filters('woocommerce_pro...', '2000000', Object(WC_Product_Simple))
#3 E:\xampp\htdocs\cias\wp-content\plugins\woocommerce\includes\abstracts\abstract-wc-product.php(267): WC_Data->get_prop('price', 'view')
#4 E:\xampp\htdocs\cias\wp-content\plugins\woocommerce\includes\abstracts\abstract-wc-product.php(1507): WC_Product->get_price()
#5 E:\xampp\htdocs\cias\wp-content\plugins\woocommerce\includes\class-wc-cart-session.php(131): WC_Product->is_purchasable()
#6 E:\xampp\htdocs\cias\wp-includes\class-wp-hook.php(287): WC_Cart_Session->get_ca in E:\xampp\htdocs\cias\wp-content\themes\theretailer-child\functions.php on line 253

2020-07-20T18:12:21+00:00 CRITICAL Uncaught Error: Call to a member function get_items() on bool in E:\xampp\htdocs\cias\wp-content\themes\theretailer-child\functions.php:264
Stack trace:
#0 E:\xampp\htdocs\cias\wp-includes\class-wp-hook.php(289): action_woocommerce_update_order(45)
#1 E:\xampp\htdocs\cias\wp-includes\class-wp-hook.php(311): WP_Hook->apply_filters('', Array)
#2 E:\xampp\htdocs\cias\wp-includes\plugin.php(478): WP_Hook->do_action(Array)
#3 E:\xampp\htdocs\cias\wp-content\plugins\woocommerce\includes\data-stores\class-wc-order-data-store-cpt.php(171): do_action('woocommerce_upd...', 45, Object(Automattic\WooCommerce\Admin\Overrides\Order))
#4 E:\xampp\htdocs\cias\wp-content\plugins\woocommerce\includes\class-wc-data-store.php(179): WC_Order_Data_Store_CPT->update(Object(Automattic\WooCommerce\Admin\Overrides\Order))
#5 E:\xampp\htdocs\cias\wp-content\plugins\woocommerce\includes\abstracts\abstract-wc-order.php(183): WC_Data_Store->update(Object(Automattic\WooCommerce\Admin\Overrides\Order))
#6 E:\xampp\htdocs\cias\wp-content\plu in E:\xampp\htdocs\cias\wp-content\themes\theretailer-child\functions.php on line 264

2020-07-20T21:29:58+00:00 CRITICAL Uncaught Error: Call to undefined function mvvwb_fs() in E:\xampp\htdocs\cias\wp-content\plugins\booking-for-woocommerce\include\class-mvvwb-backend.php:253
Stack trace:
#0 E:\xampp\htdocs\cias\wp-includes\class-wp-hook.php(287): MVVWB_Backend->admin_enqueue_scripts('toplevel_page_m...')
#1 E:\xampp\htdocs\cias\wp-includes\class-wp-hook.php(311): WP_Hook->apply_filters(NULL, Array)
#2 E:\xampp\htdocs\cias\wp-includes\plugin.php(478): WP_Hook->do_action(Array)
#3 E:\xampp\htdocs\cias\wp-admin\admin-header.php(104): do_action('admin_enqueue_s...', 'toplevel_page_m...')
#4 E:\xampp\htdocs\cias\wp-admin\admin.php(234): require_once('E:\\xampp\\htdocs...')
#5 {main}
  thrown in E:\xampp\htdocs\cias\wp-content\plugins\booking-for-woocommerce\include\class-mvvwb-backend.php on line 253

