2020-07-04T23:17:13+00:00 CRITICAL Uncaught Error: Call to a member function get_id() on array in E:\xampp\htdocs\cias\wp-content\plugins\woo-checkout-field-editor-pro\classes\class-thwcfd-utils.php:260
Stack trace:
#0 E:\xampp\htdocs\cias\wp-content\plugins\woo-checkout-field-editor-pro\classes\class-thwcfd-checkout.php(401): THWCFD_Utils::get_order_id(Array)
#1 E:\xampp\htdocs\cias\wp-includes\class-wp-hook.php(287): THWCFD_Checkout->order_details_after_customer_details(Array)
#2 E:\xampp\htdocs\cias\wp-includes\class-wp-hook.php(311): WP_Hook->apply_filters('', Array)
#3 E:\xampp\htdocs\cias\wp-includes\plugin.php(478): WP_Hook->do_action(Array)
#4 E:\xampp\htdocs\cias\wp-content\plugins\wooimus-ticket\main.php(141): do_action('woocommerce_ord...', Array)
#5 E:\xampp\htdocs\cias\wp-includes\class-wp-hook.php(287): admin_order_table_order('bottom')
#6 E:\xampp\htdocs\cias\wp-includes\class-wp-hook.php(311): WP_Hook->apply_filters(NULL, Array)
#7 E:\xampp\htdocs\cias\wp-includes\plugin.php(478): WP_Hook->do_action(Array)
#8 E:\xampp\htdocs\ci in E:\xampp\htdocs\cias\wp-content\plugins\woo-checkout-field-editor-pro\classes\class-thwcfd-utils.php on line 260

2020-07-04T23:18:56+00:00 CRITICAL Uncaught Error: Call to a member function get_id() on array in E:\xampp\htdocs\cias\wp-content\plugins\woo-checkout-field-editor-pro\classes\class-thwcfd-utils.php:260
Stack trace:
#0 E:\xampp\htdocs\cias\wp-content\plugins\woo-checkout-field-editor-pro\classes\class-thwcfd-checkout.php(401): THWCFD_Utils::get_order_id(Array)
#1 E:\xampp\htdocs\cias\wp-includes\class-wp-hook.php(287): THWCFD_Checkout->order_details_after_customer_details(Array)
#2 E:\xampp\htdocs\cias\wp-includes\class-wp-hook.php(311): WP_Hook->apply_filters('', Array)
#3 E:\xampp\htdocs\cias\wp-includes\plugin.php(478): WP_Hook->do_action(Array)
#4 E:\xampp\htdocs\cias\wp-content\plugins\wooimus-ticket\main.php(140): do_action('woocommerce_ord...', Array)
#5 E:\xampp\htdocs\cias\wp-includes\class-wp-hook.php(287): admin_order_table_order('bottom')
#6 E:\xampp\htdocs\cias\wp-includes\class-wp-hook.php(311): WP_Hook->apply_filters(NULL, Array)
#7 E:\xampp\htdocs\cias\wp-includes\plugin.php(478): WP_Hook->do_action(Array)
#8 E:\xampp\htdocs\ci in E:\xampp\htdocs\cias\wp-content\plugins\woo-checkout-field-editor-pro\classes\class-thwcfd-utils.php on line 260

2020-07-04T23:19:22+00:00 CRITICAL Uncaught Error: Call to a member function get_id() on array in E:\xampp\htdocs\cias\wp-content\plugins\woo-checkout-field-editor-pro\classes\class-thwcfd-utils.php:260
Stack trace:
#0 E:\xampp\htdocs\cias\wp-content\plugins\woo-checkout-field-editor-pro\classes\class-thwcfd-checkout.php(401): THWCFD_Utils::get_order_id(Array)
#1 E:\xampp\htdocs\cias\wp-includes\class-wp-hook.php(287): THWCFD_Checkout->order_details_after_customer_details(Array)
#2 E:\xampp\htdocs\cias\wp-includes\class-wp-hook.php(311): WP_Hook->apply_filters('', Array)
#3 E:\xampp\htdocs\cias\wp-includes\plugin.php(478): WP_Hook->do_action(Array)
#4 E:\xampp\htdocs\cias\wp-content\plugins\wooimus-ticket\main.php(140): do_action('woocommerce_ord...', Array)
#5 E:\xampp\htdocs\cias\wp-includes\class-wp-hook.php(287): admin_order_table_order('bottom')
#6 E:\xampp\htdocs\cias\wp-includes\class-wp-hook.php(311): WP_Hook->apply_filters(NULL, Array)
#7 E:\xampp\htdocs\cias\wp-includes\plugin.php(478): WP_Hook->do_action(Array)
#8 E:\xampp\htdocs\ci in E:\xampp\htdocs\cias\wp-content\plugins\woo-checkout-field-editor-pro\classes\class-thwcfd-utils.php on line 260

