2020-07-08T14:22:35+00:00 CRITICAL Cannot use "self" when no class scope is active in E:\xampp\htdocs\cias\wp-content\themes\theretailer-child\functions.php on line 63

2020-07-08T14:23:02+00:00 CRITICAL Cannot use "self" when no class scope is active in E:\xampp\htdocs\cias\wp-content\themes\theretailer-child\functions.php on line 55

2020-07-08T14:30:35+00:00 CRITICAL syntax error, unexpected '<', expecting end of file in E:\xampp\htdocs\cias\wp-content\themes\theretailer-child\functions.php on line 31

2020-07-08T15:03:55+00:00 CRITICAL Uncaught ArgumentCountError: Too few arguments to function save_giftcard_option_fields(), 1 passed in E:\xampp\htdocs\cias\wp-includes\class-wp-hook.php on line 287 and exactly 2 expected in E:\xampp\htdocs\cias\wp-content\themes\theretailer-child\functions.php:89
Stack trace:
#0 E:\xampp\htdocs\cias\wp-includes\class-wp-hook.php(287): save_giftcard_option_fields(19)
#1 E:\xampp\htdocs\cias\wp-includes\class-wp-hook.php(311): WP_Hook->apply_filters('', Array)
#2 E:\xampp\htdocs\cias\wp-includes\plugin.php(478): WP_Hook->do_action(Array)
#3 E:\xampp\htdocs\cias\wp-content\plugins\woocommerce\includes\admin\meta-boxes\class-wc-meta-box-product-data.php(429): do_action('woocommerce_pro...', 19)
#4 E:\xampp\htdocs\cias\wp-includes\class-wp-hook.php(287): WC_Meta_Box_Product_Data::save(19, Object(WP_Post))
#5 E:\xampp\htdocs\cias\wp-includes\class-wp-hook.php(311): WP_Hook->apply_filters(NULL, Array)
#6 E:\xampp\htdocs\cias\wp-includes\plugin.php(478): WP_Hook->do_action(Array)
#7 E:\xampp\htdocs\cias\wp-content\p in E:\xampp\htdocs\cias\wp-content\themes\theretailer-child\functions.php on line 89

2020-07-08T15:06:24+00:00 CRITICAL Uncaught ArgumentCountError: Too few arguments to function save_giftcard_option_fields(), 1 passed in E:\xampp\htdocs\cias\wp-includes\class-wp-hook.php on line 287 and exactly 2 expected in E:\xampp\htdocs\cias\wp-content\themes\theretailer-child\functions.php:89
Stack trace:
#0 E:\xampp\htdocs\cias\wp-includes\class-wp-hook.php(287): save_giftcard_option_fields(19)
#1 E:\xampp\htdocs\cias\wp-includes\class-wp-hook.php(311): WP_Hook->apply_filters('', Array)
#2 E:\xampp\htdocs\cias\wp-includes\plugin.php(478): WP_Hook->do_action(Array)
#3 E:\xampp\htdocs\cias\wp-content\plugins\woocommerce\includes\admin\meta-boxes\class-wc-meta-box-product-data.php(429): do_action('woocommerce_pro...', 19)
#4 E:\xampp\htdocs\cias\wp-includes\class-wp-hook.php(287): WC_Meta_Box_Product_Data::save(19, Object(WP_Post))
#5 E:\xampp\htdocs\cias\wp-includes\class-wp-hook.php(311): WP_Hook->apply_filters(NULL, Array)
#6 E:\xampp\htdocs\cias\wp-includes\plugin.php(478): WP_Hook->do_action(Array)
#7 E:\xampp\htdocs\cias\wp-content\p in E:\xampp\htdocs\cias\wp-content\themes\theretailer-child\functions.php on line 89

2020-07-08T15:08:00+00:00 CRITICAL Uncaught ArgumentCountError: Too few arguments to function save_giftcard_option_fields(), 1 passed in E:\xampp\htdocs\cias\wp-includes\class-wp-hook.php on line 287 and exactly 2 expected in E:\xampp\htdocs\cias\wp-content\themes\theretailer-child\functions.php:89
Stack trace:
#0 E:\xampp\htdocs\cias\wp-includes\class-wp-hook.php(287): save_giftcard_option_fields(19)
#1 E:\xampp\htdocs\cias\wp-includes\class-wp-hook.php(311): WP_Hook->apply_filters('', Array)
#2 E:\xampp\htdocs\cias\wp-includes\plugin.php(478): WP_Hook->do_action(Array)
#3 E:\xampp\htdocs\cias\wp-content\plugins\woocommerce\includes\admin\meta-boxes\class-wc-meta-box-product-data.php(429): do_action('woocommerce_pro...', 19)
#4 E:\xampp\htdocs\cias\wp-includes\class-wp-hook.php(287): WC_Meta_Box_Product_Data::save(19, Object(WP_Post))
#5 E:\xampp\htdocs\cias\wp-includes\class-wp-hook.php(311): WP_Hook->apply_filters(NULL, Array)
#6 E:\xampp\htdocs\cias\wp-includes\plugin.php(478): WP_Hook->do_action(Array)
#7 E:\xampp\htdocs\cias\wp-content\p in E:\xampp\htdocs\cias\wp-content\themes\theretailer-child\functions.php on line 89

